#-----------------------------------------------------------
# Vivado v2020.2 (64-bit)
# SW Build 3064766 on Wed Nov 18 09:12:45 MST 2020
# IP Build 3064653 on Wed Nov 18 14:17:31 MST 2020
# Start of session at: Tue May 20 23:18:08 2025
# Process ID: 58008
# Current directory: C:/Users/gabma/Downloads/pb_logique_seq.xpr/pb_logique_seq
# Command line: vivado.exe -gui_launcher_event rodinguilauncherevent31120 C:\Users\gabma\Downloads\pb_logique_seq.xpr\pb_logique_seq\pb_logique_seq.xpr
# Log file: C:/Users/gabma/Downloads/pb_logique_seq.xpr/pb_logique_seq/vivado.log
# Journal file: C:/Users/gabma/Downloads/pb_logique_seq.xpr/pb_logique_seq\vivado.jou
#-----------------------------------------------------------
start_gui
open_project C:/Users/gabma/Downloads/pb_logique_seq.xpr/pb_logique_seq/pb_logique_seq.xpr
Scanning sources...
Finished scanning sources
INFO: [IP_Flow 19-234] Refreshing IP repositories
INFO: [IP_Flow 19-1704] No user IP repositories specified
INFO: [IP_Flow 19-2313] Loaded Vivado IP repository 'C:/Xilinx/Vivado/2020.2/data/ip'.
open_project: Time (s): cpu = 00:00:01 ; elapsed = 00:00:11 . Memory (MB): peak = 1092.809 ; gain = 0.000
generate_target Simulation [get_files C:/Users/gabma/Downloads/pb_logique_seq.xpr/pb_logique_seq/pb_logique_seq.srcs/sources_1/bd/design_1/design_1.bd]
CRITICAL WARNING: [BD 41-1348] Reset pin /M1_decodeur_i2s/registre_24bits_droite/i_reset (associated clock /M1_decodeur_i2s/registre_24bits_droite/i_clk) is connected to asynchronous reset source /M8_commande/o_reset.
This may prevent design from meeting timing. Please add Processor System Reset module to create a reset that is synchronous to the associated clock source /clk_100MHz.
CRITICAL WARNING: [BD 41-1348] Reset pin /M1_decodeur_i2s/registre_24bits_gauche/i_reset (associated clock /M1_decodeur_i2s/registre_24bits_gauche/i_clk) is connected to asynchronous reset source /M8_commande/o_reset.
This may prevent design from meeting timing. Please add Processor System Reset module to create a reset that is synchronous to the associated clock source /clk_100MHz.
CRITICAL WARNING: [BD 41-1348] Reset pin /M1_decodeur_i2s/registre_decalage_24bits/i_reset (associated clock /M1_decodeur_i2s/registre_decalage_24bits/i_clk) is connected to asynchronous reset source /M8_commande/o_reset.
This may prevent design from meeting timing. Please add Processor System Reset module to create a reset that is synchronous to the associated clock source /clk_100MHz.
CRITICAL WARNING: [BD 41-1348] Reset pin /M9_codeur_i2s/reg_dec_24b_fd_0/i_reset (associated clock /M9_codeur_i2s/reg_dec_24b_fd_0/i_clk) is connected to asynchronous reset source /M8_commande/o_reset.
This may prevent design from meeting timing. Please add Processor System Reset module to create a reset that is synchronous to the associated clock source /clk_100MHz.
CRITICAL WARNING: [BD 41-1348] Reset pin /M10_conversion_affichage/reset (associated clock /M10_conversion_affichage/clk) is connected to asynchronous reset source /M8_commande/o_reset.
This may prevent design from meeting timing. Please add Processor System Reset module to create a reset that is synchronous to the associated clock source /clk_100MHz.
CRITICAL WARNING: [BD 41-759] The input pins (listed below) are either not connected or do not have a source port, and they don't have a tie-off specified. These pins are tied-off to all 0's to avoid error in Implementation flow.
Please check your design and connect them as needed: 
/M1_decodeur_i2s/registre_decalage_24bits/i_load
/M1_decodeur_i2s/registre_decalage_24bits/i_dat_load

Wrote  : <C:\Users\gabma\Downloads\pb_logique_seq.xpr\pb_logique_seq\pb_logique_seq.srcs\sources_1\bd\design_1\design_1.bd> 
Wrote  : <C:/Users/gabma/Downloads/pb_logique_seq.xpr/pb_logique_seq/pb_logique_seq.srcs/sources_1/bd/design_1/ui/bd_1f5defd0.ui> 
Wrote  : <C:/Users/gabma/Downloads/pb_logique_seq.xpr/pb_logique_seq/pb_logique_seq.srcs/sources_1/bd/design_1/ui/bd_a93fd001.ui> 
VHDL Output written to : c:/Users/gabma/Downloads/pb_logique_seq.xpr/pb_logique_seq/pb_logique_seq.gen/sources_1/bd/design_1/synth/design_1.vhd
VHDL Output written to : c:/Users/gabma/Downloads/pb_logique_seq.xpr/pb_logique_seq/pb_logique_seq.gen/sources_1/bd/design_1/sim/design_1.vhd
VHDL Output written to : c:/Users/gabma/Downloads/pb_logique_seq.xpr/pb_logique_seq/pb_logique_seq.gen/sources_1/bd/design_1/hdl/design_1_wrapper.vhd
Wrote  : <C:/Users/gabma/Downloads/pb_logique_seq.xpr/pb_logique_seq/pb_logique_seq.srcs/sources_1/bd/design_1/ui/bd_1f5defd0.ui> 
Wrote  : <C:/Users/gabma/Downloads/pb_logique_seq.xpr/pb_logique_seq/pb_logique_seq.srcs/sources_1/bd/design_1/ui/bd_a93fd001.ui> 
INFO: [BD 41-1029] Generation completed for the IP Integrator block M6_parametre_2 .
INFO: [BD 41-1029] Generation completed for the IP Integrator block M5_parametre_1 .
Exporting to file c:/Users/gabma/Downloads/pb_logique_seq.xpr/pb_logique_seq/pb_logique_seq.gen/sources_1/bd/design_1/hw_handoff/design_1.hwh
Generated Block Design Tcl file c:/Users/gabma/Downloads/pb_logique_seq.xpr/pb_logique_seq/pb_logique_seq.gen/sources_1/bd/design_1/hw_handoff/design_1_bd.tcl
Generated Hardware Definition File c:/Users/gabma/Downloads/pb_logique_seq.xpr/pb_logique_seq/pb_logique_seq.gen/sources_1/bd/design_1/synth/design_1.hwdef
Wrote  : <C:/Users/gabma/Downloads/pb_logique_seq.xpr/pb_logique_seq/pb_logique_seq.srcs/sources_1/bd/design_1/ui/bd_1f5defd0.ui> 
Wrote  : <C:/Users/gabma/Downloads/pb_logique_seq.xpr/pb_logique_seq/pb_logique_seq.srcs/sources_1/bd/design_1/ui/bd_a93fd001.ui> 
generate_target: Time (s): cpu = 00:00:01 ; elapsed = 00:00:13 . Memory (MB): peak = 1236.348 ; gain = 143.539
export_ip_user_files -of_objects [get_files C:/Users/gabma/Downloads/pb_logique_seq.xpr/pb_logique_seq/pb_logique_seq.srcs/sources_1/bd/design_1/design_1.bd] -no_script -sync -force -quiet
export_simulation -of_objects [get_files C:/Users/gabma/Downloads/pb_logique_seq.xpr/pb_logique_seq/pb_logique_seq.srcs/sources_1/bd/design_1/design_1.bd] -directory C:/Users/gabma/Downloads/pb_logique_seq.xpr/pb_logique_seq/pb_logique_seq.ip_user_files/sim_scripts -ip_user_files_dir C:/Users/gabma/Downloads/pb_logique_seq.xpr/pb_logique_seq/pb_logique_seq.ip_user_files -ipstatic_source_dir C:/Users/gabma/Downloads/pb_logique_seq.xpr/pb_logique_seq/pb_logique_seq.ip_user_files/ipstatic -lib_map_path [list {modelsim=C:/Users/gabma/Downloads/pb_logique_seq.xpr/pb_logique_seq/pb_logique_seq.cache/compile_simlib/modelsim} {questa=C:/Users/gabma/Downloads/pb_logique_seq.xpr/pb_logique_seq/pb_logique_seq.cache/compile_simlib/questa} {riviera=C:/Users/gabma/Downloads/pb_logique_seq.xpr/pb_logique_seq/pb_logique_seq.cache/compile_simlib/riviera} {activehdl=C:/Users/gabma/Downloads/pb_logique_seq.xpr/pb_logique_seq/pb_logique_seq.cache/compile_simlib/activehdl}] -use_ip_compiled_libs -force -quiet
launch_simulation
Command: launch_simulation 
INFO: [Vivado 12-5698] Checking validity of IPs in the design for the 'XSim' simulator...
INFO: [Vivado 12-5682] Launching behavioral simulation in 'C:/Users/gabma/Downloads/pb_logique_seq.xpr/pb_logique_seq/pb_logique_seq.sim/sim_1/behav/xsim'
INFO: [Vivado 12-4795] Using compiled simulation libraries for IPs
INFO: [SIM-utils-51] Simulation object is 'sim_1'
INFO: [USF-XSim-7] Finding pre-compiled libraries...
INFO: [USF-XSim-11] File 'C:/Xilinx/Vivado/2020.2/data/xsim/xsim.ini' copied to run dir:'C:/Users/gabma/Downloads/pb_logique_seq.xpr/pb_logique_seq/pb_logique_seq.sim/sim_1/behav/xsim'
INFO: [SIM-utils-54] Inspecting design source files for 'simul_module_sig_tb' in fileset 'sim_1'...
INFO: [USF-XSim-97] Finding global include files...
INFO: [USF-XSim-98] Fetching design files from 'sim_1'...
INFO: [USF-XSim-2] XSim::Compile design
INFO: [USF-XSim-61] Executing 'COMPILE and ANALYZE' step in 'C:/Users/gabma/Downloads/pb_logique_seq.xpr/pb_logique_seq/pb_logique_seq.sim/sim_1/behav/xsim'
"xvlog --relax -prj simul_module_sig_tb_vlog.prj"
INFO: [VRFC 10-2263] Analyzing Verilog file "C:/Users/gabma/Downloads/pb_logique_seq.xpr/pb_logique_seq/pb_logique_seq.ip_user_files/bd/design_1/ip/design_1_util_vector_logic_0_0/sim/design_1_util_vector_logic_0_0.v" into library xil_defaultlib
INFO: [VRFC 10-311] analyzing module design_1_util_vector_logic_0_0
INFO: [VRFC 10-2263] Analyzing Verilog file "C:/Users/gabma/Downloads/pb_logique_seq.xpr/pb_logique_seq/pb_logique_seq.ip_user_files/bd/design_1/ip/design_1_xlconcat_0_0/sim/design_1_xlconcat_0_0.v" into library xil_defaultlib
INFO: [VRFC 10-311] analyzing module design_1_xlconcat_0_0
INFO: [VRFC 10-2263] Analyzing Verilog file "C:/Users/gabma/Downloads/pb_logique_seq.xpr/pb_logique_seq/pb_logique_seq.ip_user_files/bd/design_1/ip/design_1_xlconstant_0_1/sim/design_1_xlconstant_0_1.v" into library xil_defaultlib
INFO: [VRFC 10-311] analyzing module design_1_xlconstant_0_1
INFO: [VRFC 10-2263] Analyzing Verilog file "C:/Users/gabma/Downloads/pb_logique_seq.xpr/pb_logique_seq/pb_logique_seq.ip_user_files/bd/design_1/ip/design_1_xlslice_0_0/sim/design_1_xlslice_0_0.v" into library xil_defaultlib
INFO: [VRFC 10-311] analyzing module design_1_xlslice_0_0
INFO: [VRFC 10-2263] Analyzing Verilog file "C:/Users/gabma/Downloads/pb_logique_seq.xpr/pb_logique_seq/pb_logique_seq.ip_user_files/bd/design_1/ip/design_1_xlconstant_0_0/sim/design_1_xlconstant_0_0.v" into library xil_defaultlib
INFO: [VRFC 10-311] analyzing module design_1_xlconstant_0_0
INFO: [VRFC 10-2263] Analyzing Verilog file "C:/Users/gabma/Downloads/pb_logique_seq.xpr/pb_logique_seq/pb_logique_seq.sim/sim_1/behav/xsim/glbl.v" into library xil_defaultlib
INFO: [VRFC 10-311] analyzing module glbl
"xvhdl --relax -prj simul_module_sig_tb_vhdl.prj"
INFO: [VRFC 10-163] Analyzing VHDL file "C:/Users/gabma/Downloads/pb_logique_seq.xpr/pb_logique_seq/pb_logique_seq.srcs/sources_1/imports/new/reg_24b.vhd" into library xil_defaultlib
INFO: [VRFC 10-3107] analyzing entity 'reg_24b'
INFO: [VRFC 10-163] Analyzing VHDL file "C:/Users/gabma/Downloads/pb_logique_seq.xpr/pb_logique_seq/pb_logique_seq.srcs/sources_1/imports/new/reg_dec_24b.vhd" into library xil_defaultlib
INFO: [VRFC 10-3107] analyzing entity 'reg_dec_24b'
INFO: [VRFC 10-163] Analyzing VHDL file "C:/Users/gabma/Downloads/pb_logique_seq.xpr/pb_logique_seq/pb_logique_seq.srcs/sources_1/imports/new/compteur_nbits.vhd" into library xil_defaultlib
INFO: [VRFC 10-3107] analyzing entity 'compteur_nbits'
INFO: [VRFC 10-163] Analyzing VHDL file "C:/Users/gabma/Downloads/pb_logique_seq.xpr/pb_logique_seq/pb_logique_seq.srcs/sources_1/imports/new/mef_decod_i2s_v1b.vhd" into library xil_defaultlib
INFO: [VRFC 10-3107] analyzing entity 'mef_decod_i2s_v1b'
INFO: [VRFC 10-163] Analyzing VHDL file "C:/Users/gabma/Downloads/pb_logique_seq.xpr/pb_logique_seq/pb_logique_seq.srcs/sources_1/imports/new/mef_cod_i2s_vsb.vhd" into library xil_defaultlib
INFO: [VRFC 10-3107] analyzing entity 'mef_cod_i2s_vsb'
INFO: [VRFC 10-163] Analyzing VHDL file "C:/Users/gabma/Downloads/pb_logique_seq.xpr/pb_logique_seq/pb_logique_seq.srcs/sources_1/imports/new/mux2.vhd" into library xil_defaultlib
INFO: [VRFC 10-3107] analyzing entity 'mux2'
INFO: [VRFC 10-163] Analyzing VHDL file "C:/Users/gabma/Downloads/pb_logique_seq.xpr/pb_logique_seq/pb_logique_seq.srcs/sources_1/imports/new/reg_dec_24b_fd.vhd" into library xil_defaultlib
INFO: [VRFC 10-3107] analyzing entity 'reg_dec_24b_fd'
INFO: [VRFC 10-163] Analyzing VHDL file "C:/Users/gabma/Downloads/pb_logique_seq.xpr/pb_logique_seq/pb_logique_seq.srcs/sources_1/imports/new/affhex_pmodssd_v3.vhd" into library xil_defaultlib
INFO: [VRFC 10-3107] analyzing entity 'affhexPmodSSD_v3'
INFO: [VRFC 10-163] Analyzing VHDL file "C:/Users/gabma/Downloads/pb_logique_seq.xpr/pb_logique_seq/pb_logique_seq.srcs/sources_1/imports/new/calcul_param_3.vhd" into library xil_defaultlib
INFO: [VRFC 10-3107] analyzing entity 'calcul_param_3'
INFO: [VRFC 10-163] Analyzing VHDL file "C:/Users/gabma/Downloads/pb_logique_seq.xpr/pb_logique_seq/pb_logique_seq.srcs/sources_1/imports/new/mux4.vhd" into library xil_defaultlib
INFO: [VRFC 10-3107] analyzing entity 'mux4'
INFO: [VRFC 10-163] Analyzing VHDL file "C:/Users/gabma/Downloads/pb_logique_seq.xpr/pb_logique_seq/pb_logique_seq.srcs/sources_1/imports/new/sig_fct_3.vhd" into library xil_defaultlib
INFO: [VRFC 10-3107] analyzing entity 'sig_fct_3'
INFO: [VRFC 10-163] Analyzing VHDL file "C:/Users/gabma/Downloads/pb_logique_seq.xpr/pb_logique_seq/pb_logique_seq.srcs/sources_1/imports/new/sig_fct_sat_dure.vhd" into library xil_defaultlib
INFO: [VRFC 10-3107] analyzing entity 'sig_fct_sat_dure'
INFO: [VRFC 10-163] Analyzing VHDL file "C:/Users/gabma/Downloads/pb_logique_seq.xpr/pb_logique_seq/pb_logique_seq.srcs/sources_1/imports/new/conditionne_btn_v7.vhd" into library xil_defaultlib
INFO: [VRFC 10-3107] analyzing entity 'conditionne_btn_v7'
INFO: [VRFC 10-163] Analyzing VHDL file "C:/Users/gabma/Downloads/pb_logique_seq.xpr/pb_logique_seq/pb_logique_seq.srcs/sources_1/imports/new/strb_gen_v3.vhd" into library xil_defaultlib
INFO: [VRFC 10-3107] analyzing entity 'strb_gen'
INFO: [VRFC 10-163] Analyzing VHDL file "C:/Users/gabma/Downloads/pb_logique_seq.xpr/pb_logique_seq/pb_logique_seq.srcs/sources_1/imports/new/module_commande.vhd" into library xil_defaultlib
INFO: [VRFC 10-3107] analyzing entity 'module_commande'
INFO: [VRFC 10-163] Analyzing VHDL file "C:/Users/gabma/Downloads/pb_logique_seq.xpr/pb_logique_seq/pb_logique_seq.srcs/sources_1/imports/new/calcul_param_2.vhd" into library xil_defaultlib
INFO: [VRFC 10-3107] analyzing entity 'calcul_param_2'
INFO: [VRFC 10-163] Analyzing VHDL file "C:/Users/gabma/Downloads/pb_logique_seq.xpr/pb_logique_seq/pb_logique_seq.srcs/sources_1/imports/new/calcul_param_1.vhd" into library xil_defaultlib
INFO: [VRFC 10-3107] analyzing entity 'calcul_param_1'
INFO: [VRFC 10-163] Analyzing VHDL file "C:/Users/gabma/Downloads/pb_logique_seq.xpr/pb_logique_seq/pb_logique_seq.ip_user_files/bd/design_1/ip/design_1_reg_24b_0_0/sim/design_1_reg_24b_0_0.vhd" into library xil_defaultlib
INFO: [VRFC 10-3107] analyzing entity 'design_1_reg_24b_0_0'
INFO: [VRFC 10-163] Analyzing VHDL file "C:/Users/gabma/Downloads/pb_logique_seq.xpr/pb_logique_seq/pb_logique_seq.ip_user_files/bd/design_1/ip/design_1_reg_24b_0_1/sim/design_1_reg_24b_0_1.vhd" into library xil_defaultlib
INFO: [VRFC 10-3107] analyzing entity 'design_1_reg_24b_0_1'
INFO: [VRFC 10-163] Analyzing VHDL file "C:/Users/gabma/Downloads/pb_logique_seq.xpr/pb_logique_seq/pb_logique_seq.ip_user_files/bd/design_1/ip/design_1_reg_dec_24b_0_0/sim/design_1_reg_dec_24b_0_0.vhd" into library xil_defaultlib
INFO: [VRFC 10-3107] analyzing entity 'design_1_reg_dec_24b_0_0'
INFO: [VRFC 10-163] Analyzing VHDL file "C:/Users/gabma/Downloads/pb_logique_seq.xpr/pb_logique_seq/pb_logique_seq.ip_user_files/bd/design_1/ip/design_1_compteur_nbits_0_2/sim/design_1_compteur_nbits_0_2.vhd" into library xil_defaultlib
INFO: [VRFC 10-3107] analyzing entity 'design_1_compteur_nbits_0_2'
INFO: [VRFC 10-163] Analyzing VHDL file "C:/Users/gabma/Downloads/pb_logique_seq.xpr/pb_logique_seq/pb_logique_seq.ip_user_files/bd/design_1/ip/design_1_mef_decod_i2s_v1b_0_0/sim/design_1_mef_decod_i2s_v1b_0_0.vhd" into library xil_defaultlib
INFO: [VRFC 10-3107] analyzing entity 'design_1_mef_decod_i2s_v1b_0_0'
INFO: [VRFC 10-163] Analyzing VHDL file "C:/Users/gabma/Downloads/pb_logique_seq.xpr/pb_logique_seq/pb_logique_seq.ip_user_files/bd/design_1/ip/design_1_compteur_nbits_0_1/sim/design_1_compteur_nbits_0_1.vhd" into library xil_defaultlib
INFO: [VRFC 10-3107] analyzing entity 'design_1_compteur_nbits_0_1'
INFO: [VRFC 10-163] Analyzing VHDL file "C:/Users/gabma/Downloads/pb_logique_seq.xpr/pb_logique_seq/pb_logique_seq.ip_user_files/bd/design_1/ip/design_1_mef_cod_i2s_vsb_0_0/sim/design_1_mef_cod_i2s_vsb_0_0.vhd" into library xil_defaultlib
INFO: [VRFC 10-3107] analyzing entity 'design_1_mef_cod_i2s_vsb_0_0'
INFO: [VRFC 10-163] Analyzing VHDL file "C:/Users/gabma/Downloads/pb_logique_seq.xpr/pb_logique_seq/pb_logique_seq.ip_user_files/bd/design_1/ip/design_1_mux2_0_0/sim/design_1_mux2_0_0.vhd" into library xil_defaultlib
INFO: [VRFC 10-3107] analyzing entity 'design_1_mux2_0_0'
INFO: [VRFC 10-163] Analyzing VHDL file "C:/Users/gabma/Downloads/pb_logique_seq.xpr/pb_logique_seq/pb_logique_seq.ip_user_files/bd/design_1/ip/design_1_reg_dec_24b_fd_0_0/sim/design_1_reg_dec_24b_fd_0_0.vhd" into library xil_defaultlib
INFO: [VRFC 10-3107] analyzing entity 'design_1_reg_dec_24b_fd_0_0'
INFO: [VRFC 10-163] Analyzing VHDL file "C:/Users/gabma/Downloads/pb_logique_seq.xpr/pb_logique_seq/pb_logique_seq.ip_user_files/bd/design_1/ip/design_1_affhexPmodSSD_v3_0_0/sim/design_1_affhexPmodSSD_v3_0_0.vhd" into library xil_defaultlib
INFO: [VRFC 10-3107] analyzing entity 'design_1_affhexPmodSSD_v3_0_0'
INFO: [VRFC 10-163] Analyzing VHDL file "C:/Users/gabma/Downloads/pb_logique_seq.xpr/pb_logique_seq/pb_logique_seq.ip_user_files/bd/design_1/ip/design_1_calcul_param_3_0_0/sim/design_1_calcul_param_3_0_0.vhd" into library xil_defaultlib
INFO: [VRFC 10-3107] analyzing entity 'design_1_calcul_param_3_0_0'
INFO: [VRFC 10-163] Analyzing VHDL file "C:/Users/gabma/Downloads/pb_logique_seq.xpr/pb_logique_seq/pb_logique_seq.ip_user_files/bd/design_1/ip/design_1_mux4_0_0/sim/design_1_mux4_0_0.vhd" into library xil_defaultlib
INFO: [VRFC 10-3107] analyzing entity 'design_1_mux4_0_0'
INFO: [VRFC 10-163] Analyzing VHDL file "C:/Users/gabma/Downloads/pb_logique_seq.xpr/pb_logique_seq/pb_logique_seq.ip_user_files/bd/design_1/ip/design_1_mux4_0_1/sim/design_1_mux4_0_1.vhd" into library xil_defaultlib
INFO: [VRFC 10-3107] analyzing entity 'design_1_mux4_0_1'
INFO: [VRFC 10-163] Analyzing VHDL file "C:/Users/gabma/Downloads/pb_logique_seq.xpr/pb_logique_seq/pb_logique_seq.ip_user_files/bd/design_1/ip/design_1_sig_fct_3_0_0/sim/design_1_sig_fct_3_0_0.vhd" into library xil_defaultlib
INFO: [VRFC 10-3107] analyzing entity 'design_1_sig_fct_3_0_0'
INFO: [VRFC 10-163] Analyzing VHDL file "C:/Users/gabma/Downloads/pb_logique_seq.xpr/pb_logique_seq/pb_logique_seq.ip_user_files/bd/design_1/ip/design_1_sig_fct_sat_dure_0_0/sim/design_1_sig_fct_sat_dure_0_0.vhd" into library xil_defaultlib
INFO: [VRFC 10-3107] analyzing entity 'design_1_sig_fct_sat_dure_0_0'
INFO: [VRFC 10-163] Analyzing VHDL file "C:/Users/gabma/Downloads/pb_logique_seq.xpr/pb_logique_seq/pb_logique_seq.ip_user_files/bd/design_1/ip/design_1_sig_fct_sat_dure_0_1/sim/design_1_sig_fct_sat_dure_0_1.vhd" into library xil_defaultlib
INFO: [VRFC 10-3107] analyzing entity 'design_1_sig_fct_sat_dure_0_1'
INFO: [VRFC 10-163] Analyzing VHDL file "C:/Users/gabma/Downloads/pb_logique_seq.xpr/pb_logique_seq/pb_logique_seq.ip_user_files/bd/design_1/ip/design_1_module_commande_0_0/sim/design_1_module_commande_0_0.vhd" into library xil_defaultlib
INFO: [VRFC 10-3107] analyzing entity 'design_1_module_commande_0_0'
INFO: [VRFC 10-163] Analyzing VHDL file "C:/Users/gabma/Downloads/pb_logique_seq.xpr/pb_logique_seq/pb_logique_seq.ip_user_files/bd/design_1/ip/design_1_calcul_param_2_0_0/sim/design_1_calcul_param_2_0_0.vhd" into library xil_defaultlib
INFO: [VRFC 10-3107] analyzing entity 'design_1_calcul_param_2_0_0'
INFO: [VRFC 10-163] Analyzing VHDL file "C:/Users/gabma/Downloads/pb_logique_seq.xpr/pb_logique_seq/pb_logique_seq.ip_user_files/bd/design_1/ip/design_1_calcul_param_1_0_0/sim/design_1_calcul_param_1_0_0.vhd" into library xil_defaultlib
INFO: [VRFC 10-3107] analyzing entity 'design_1_calcul_param_1_0_0'
INFO: [VRFC 10-163] Analyzing VHDL file "C:/Users/gabma/Downloads/pb_logique_seq.xpr/pb_logique_seq/pb_logique_seq.ip_user_files/bd/design_1/sim/design_1.vhd" into library xil_defaultlib
INFO: [VRFC 10-3107] analyzing entity 'M1_decodeur_i2s_imp_17RYJKZ'
INFO: [VRFC 10-3107] analyzing entity 'M9_codeur_i2s_imp_1VJCTGL'
INFO: [VRFC 10-3107] analyzing entity 'design_1'
INFO: [VRFC 10-163] Analyzing VHDL file "C:/Users/gabma/Downloads/pb_logique_seq.xpr/pb_logique_seq/pb_logique_seq.srcs/sim_1/imports/new/simul_module_sig_tb.vhd" into library xil_defaultlib
INFO: [VRFC 10-3107] analyzing entity 'simul_module_sig_tb'
INFO: [VRFC 10-3107] analyzing entity 'simul_module_sig_tb'
WARNING: [VRFC 10-3608] overwriting existing secondary unit 'behavioral' [C:/Users/gabma/Downloads/pb_logique_seq.xpr/pb_logique_seq/pb_logique_seq.srcs/sim_1/imports/new/simul_module_sig_tb.vhd:368]
run_program: Time (s): cpu = 00:00:00 ; elapsed = 00:00:08 . Memory (MB): peak = 1238.715 ; gain = 0.000
INFO: [USF-XSim-69] 'compile' step finished in '8' seconds
INFO: [USF-XSim-3] XSim::Elaborate design
INFO: [USF-XSim-61] Executing 'ELABORATE' step in 'C:/Users/gabma/Downloads/pb_logique_seq.xpr/pb_logique_seq/pb_logique_seq.sim/sim_1/behav/xsim'
"xelab -wto 27f4d483d5e64a3aa0b782391975b266 --debug typical --relax --mt 2 -L xil_defaultlib -L util_vector_logic_v2_0_1 -L xlconcat_v2_1_4 -L xlconstant_v1_1_7 -L xlslice_v1_0_2 -L unisims_ver -L unimacro_ver -L secureip -L xpm --snapshot simul_module_sig_tb_behav xil_defaultlib.simul_module_sig_tb xil_defaultlib.glbl -log elaborate.log"
Vivado Simulator 2020.2
Copyright 1986-1999, 2001-2020 Xilinx, Inc. All Rights Reserved.
Running: C:/Xilinx/Vivado/2020.2/bin/unwrapped/win64.o/xelab.exe -wto 27f4d483d5e64a3aa0b782391975b266 --debug typical --relax --mt 2 -L xil_defaultlib -L util_vector_logic_v2_0_1 -L xlconcat_v2_1_4 -L xlconstant_v1_1_7 -L xlslice_v1_0_2 -L unisims_ver -L unimacro_ver -L secureip -L xpm --snapshot simul_module_sig_tb_behav xil_defaultlib.simul_module_sig_tb xil_defaultlib.glbl -log elaborate.log 
Using 2 slave threads.
Starting static elaboration
Pass Through NonSizing Optimizer
Completed static elaboration
Starting simulation data flow analysis
Completed simulation data flow analysis
Time Resolution for simulation is 1ps
Compiling package std.standard
Compiling package std.textio
Compiling package ieee.std_logic_1164
Compiling package ieee.numeric_std
Compiling package ieee.std_logic_arith
Compiling package ieee.std_logic_unsigned
Compiling package ieee.std_logic_textio
Compiling package unisim.vcomponents
Compiling package vl.vl_types
Compiling module xil_defaultlib.glbl
Compiling architecture behavioral of entity xil_defaultlib.calcul_param_1 [calcul_param_1_default]
Compiling architecture behavioral of entity xil_defaultlib.compteur_nbits [\compteur_nbits(nbits=7)\]
Compiling architecture design_1_compteur_nbits_0_1_arch of entity xil_defaultlib.design_1_compteur_nbits_0_1 [design_1_compteur_nbits_0_1_defa...]
Compiling architecture behavioral of entity xil_defaultlib.mef_cod_i2s_vsb [mef_cod_i2s_vsb_default]
Compiling architecture design_1_mef_cod_i2s_vsb_0_0_arch of entity xil_defaultlib.design_1_mef_cod_i2s_vsb_0_0 [design_1_mef_cod_i2s_vsb_0_0_def...]
Compiling architecture behavioral of entity xil_defaultlib.mux2 [mux2_default]
Compiling architecture design_1_mux2_0_0_arch of entity xil_defaultlib.design_1_mux2_0_0 [design_1_mux2_0_0_default]
Compiling architecture behavioral of entity xil_defaultlib.reg_dec_24b_fd [reg_dec_24b_fd_default]
Compiling architecture design_1_reg_dec_24b_fd_0_0_arch of entity xil_defaultlib.design_1_reg_dec_24b_fd_0_0 [design_1_reg_dec_24b_fd_0_0_defa...]
Compiling module util_vector_logic_v2_0_1.util_vector_logic_v2_0_1_util_ve...
Compiling module xil_defaultlib.design_1_util_vector_logic_0_0
Compiling module xlconcat_v2_1_4.xlconcat_v2_1_4_xlconcat_default
Compiling module xil_defaultlib.design_1_xlconcat_0_0
Compiling module xlconstant_v1_1_7.xlconstant_v1_1_7_xlconstant(CON...
Compiling module xil_defaultlib.design_1_xlconstant_0_1
Compiling module xlslice_v1_0_2.xlslice_v1_0_2_xlslice(DIN_WIDTH...
Compiling module xil_defaultlib.design_1_xlslice_0_0
Compiling architecture structure of entity xil_defaultlib.M9_codeur_i2s_imp_1VJCTGL [m9_codeur_i2s_imp_1vjctgl_defaul...]
Compiling architecture behavioral of entity xil_defaultlib.affhexPmodSSD_v3 [affhexpmodssd_v3_default]
Compiling architecture design_1_affhexpmodssd_v3_0_0_arch of entity xil_defaultlib.design_1_affhexPmodSSD_v3_0_0 [design_1_affhexpmodssd_v3_0_0_de...]
Compiling architecture behavioral of entity xil_defaultlib.mef_decod_i2s_v1b [mef_decod_i2s_v1b_default]
Compiling architecture design_1_mef_decod_i2s_v1b_0_0_arch of entity xil_defaultlib.design_1_mef_decod_i2s_v1b_0_0 [design_1_mef_decod_i2s_v1b_0_0_d...]
Compiling architecture design_1_compteur_nbits_0_2_arch of entity xil_defaultlib.design_1_compteur_nbits_0_2 [design_1_compteur_nbits_0_2_defa...]
Compiling architecture behavioral of entity xil_defaultlib.reg_24b [reg_24b_default]
Compiling architecture design_1_reg_24b_0_0_arch of entity xil_defaultlib.design_1_reg_24b_0_0 [design_1_reg_24b_0_0_default]
Compiling architecture design_1_reg_24b_0_1_arch of entity xil_defaultlib.design_1_reg_24b_0_1 [design_1_reg_24b_0_1_default]
Compiling architecture behavioral of entity xil_defaultlib.reg_dec_24b [reg_dec_24b_default]
Compiling architecture design_1_reg_dec_24b_0_0_arch of entity xil_defaultlib.design_1_reg_dec_24b_0_0 [design_1_reg_dec_24b_0_0_default]
Compiling architecture structure of entity xil_defaultlib.M1_decodeur_i2s_imp_17RYJKZ [m1_decodeur_i2s_imp_17ryjkz_defa...]
Compiling architecture behavioral of entity xil_defaultlib.sig_fct_sat_dure [\sig_fct_sat_dure(c_ech_u24_max=...]
Compiling architecture design_1_sig_fct_sat_dure_0_0_arch of entity xil_defaultlib.design_1_sig_fct_sat_dure_0_0 [design_1_sig_fct_sat_dure_0_0_de...]
Compiling architecture behavioral of entity xil_defaultlib.sig_fct_sat_dure [sig_fct_sat_dure_default]
Compiling architecture design_1_sig_fct_sat_dure_0_1_arch of entity xil_defaultlib.design_1_sig_fct_sat_dure_0_1 [design_1_sig_fct_sat_dure_0_1_de...]
Compiling architecture behavioral of entity xil_defaultlib.sig_fct_3 [sig_fct_3_default]
Compiling architecture design_1_sig_fct_3_0_0_arch of entity xil_defaultlib.design_1_sig_fct_3_0_0 [design_1_sig_fct_3_0_0_default]
Compiling architecture design_1_calcul_param_1_0_0_arch of entity xil_defaultlib.design_1_calcul_param_1_0_0 [design_1_calcul_param_1_0_0_defa...]
Compiling architecture behavioral of entity xil_defaultlib.calcul_param_2 [calcul_param_2_default]
Compiling architecture design_1_calcul_param_2_0_0_arch of entity xil_defaultlib.design_1_calcul_param_2_0_0 [design_1_calcul_param_2_0_0_defa...]
Compiling architecture behavioral of entity xil_defaultlib.calcul_param_3 [calcul_param_3_default]
Compiling architecture design_1_calcul_param_3_0_0_arch of entity xil_defaultlib.design_1_calcul_param_3_0_0 [design_1_calcul_param_3_0_0_defa...]
Compiling architecture behavioral of entity xil_defaultlib.strb_gen [strb_gen_default]
Compiling architecture behavioral of entity xil_defaultlib.conditionne_btn_v7 [conditionne_btn_v7_default]
Compiling architecture behavior of entity xil_defaultlib.module_commande [module_commande_default]
Compiling architecture design_1_module_commande_0_0_arch of entity xil_defaultlib.design_1_module_commande_0_0 [design_1_module_commande_0_0_def...]
Compiling architecture behavioral of entity xil_defaultlib.mux4 [mux4_default]
Compiling architecture design_1_mux4_0_0_arch of entity xil_defaultlib.design_1_mux4_0_0 [design_1_mux4_0_0_default]
Compiling architecture behavioral of entity xil_defaultlib.mux4 [\mux4(input_length=8)\]
Compiling architecture design_1_mux4_0_1_arch of entity xil_defaultlib.design_1_mux4_0_1 [design_1_mux4_0_1_default]
Compiling module xlconstant_v1_1_7.xlconstant_v1_1_7_xlconstant(CON...
Compiling module xil_defaultlib.design_1_xlconstant_0_0
Compiling architecture structure of entity xil_defaultlib.design_1 [design_1_default]
Compiling architecture behavioral of entity xil_defaultlib.simul_module_sig_tb
Built simulation snapshot simul_module_sig_tb_behav

****** Webtalk v2020.2 (64-bit)
  **** SW Build 3064766 on Wed Nov 18 09:12:45 MST 2020
  **** IP Build 3064653 on Wed Nov 18 14:17:31 MST 2020
    ** Copyright 1986-2020 Xilinx, Inc. All Rights Reserved.

source C:/Users/gabma/Downloads/pb_logique_seq.xpr/pb_logique_seq/pb_logique_seq.sim/sim_1/behav/xsim/xsim.dir/simul_module_sig_tb_behav/webtalk/xsim_webtalk.tcl -notrace
INFO: [Common 17-206] Exiting Webtalk at Tue May 20 23:20:34 2025...
run_program: Time (s): cpu = 00:00:00 ; elapsed = 00:00:11 . Memory (MB): peak = 1238.715 ; gain = 0.000
INFO: [USF-XSim-69] 'elaborate' step finished in '11' seconds
INFO: [USF-XSim-4] XSim::Simulate design
INFO: [USF-XSim-61] Executing 'SIMULATE' step in 'C:/Users/gabma/Downloads/pb_logique_seq.xpr/pb_logique_seq/pb_logique_seq.sim/sim_1/behav/xsim'
INFO: [USF-XSim-98] *** Running xsim
   with args "simul_module_sig_tb_behav -key {Behavioral:sim_1:Functional:simul_module_sig_tb} -tclbatch {simul_module_sig_tb.tcl} -protoinst "protoinst_files/design_1.protoinst" -log {simulate.log}"
INFO: [USF-XSim-8] Loading simulator feature
Vivado Simulator 2020.2
INFO: [Wavedata 42-565] Reading protoinst file protoinst_files/design_1.protoinst
Time resolution is 1 ps
source simul_module_sig_tb.tcl
# set curr_wave [current_wave_config]
# if { [string length $curr_wave] == 0 } {
#   if { [llength [get_objects]] > 0} {
#     add_wave /
#     set_property needs_save false [current_wave_config]
#   } else {
#      send_msg_id Add_Wave-1 WARNING "No top level signals found. Simulator will start without a wave window. If you want to open a wave window go to 'File->New Waveform Configuration' or type 'create_wave_config' in the TCL console."
#   }
# }
WARNING: Simulation object /simul_module_sig_tb/leftInputFile was not traceable in the design for the following reason:
Vivado Simulator does not yet support tracing of VHDL variables.
WARNING: Simulation object /simul_module_sig_tb/rightInputFile was not traceable in the design for the following reason:
Vivado Simulator does not yet support tracing of VHDL variables.
WARNING: Simulation object /simul_module_sig_tb/fstatusLeft was not traceable in the design for the following reason:
Vivado Simulator does not yet support tracing of VHDL variables.
WARNING: Simulation object /simul_module_sig_tb/fstatusRight was not traceable in the design for the following reason:
Vivado Simulator does not yet support tracing of VHDL variables.
# run 1000ns
INFO: [USF-XSim-96] XSim completed. Design snapshot 'simul_module_sig_tb_behav' loaded.
INFO: [USF-XSim-97] XSim simulation ran for 1000ns
launch_simulation: Time (s): cpu = 00:00:02 ; elapsed = 00:00:33 . Memory (MB): peak = 1303.070 ; gain = 66.723
update_compile_order -fileset sources_1
restart
INFO: [Simtcl 6-17] Simulation restarted
restart: Time (s): cpu = 00:00:01 ; elapsed = 00:00:08 . Memory (MB): peak = 1307.816 ; gain = 0.000
run 300 ms
run: Time (s): cpu = 00:00:07 ; elapsed = 00:00:08 . Memory (MB): peak = 1311.312 ; gain = 3.496
add_force {/simul_module_sig_tb/UUT_calc_param_1/i_reset} -radix hex {1 0ns} {0 500000ps} -repeat_every 1000000ps
restart
INFO: [Simtcl 6-17] Simulation restarted
run 300 ms
run: Time (s): cpu = 00:00:07 ; elapsed = 00:00:09 . Memory (MB): peak = 1829.516 ; gain = 0.000
restart
INFO: [Simtcl 6-17] Simulation restarted
restart: Time (s): cpu = 00:00:01 ; elapsed = 00:00:08 . Memory (MB): peak = 1829.516 ; gain = 0.000
add_force {/simul_module_sig_tb/UUT_calc_param_1/i_reset} -radix hex {1 0ns} {0 50000ps} -repeat_every 100000ps
run 300 ms
run: Time (s): cpu = 00:00:08 ; elapsed = 00:00:10 . Memory (MB): peak = 1829.516 ; gain = 0.000
add_force {/simul_module_sig_tb/UUT_calc_param_1/i_reset} -radix hex {1 0ns} {0 450000ps} -repeat_every 900000ps
restart
INFO: [Simtcl 6-17] Simulation restarted
run 300 ms
run: Time (s): cpu = 00:00:07 ; elapsed = 00:00:08 . Memory (MB): peak = 1829.516 ; gain = 0.000
restart
INFO: [Simtcl 6-17] Simulation restarted
add_force {/simul_module_sig_tb/UUT_calc_param_1/i_reset} -radix hex {1 0ns} {0 1000000000ps} -repeat_every 2000000000ps
run 300 ms
run: Time (s): cpu = 00:00:06 ; elapsed = 00:00:08 . Memory (MB): peak = 1829.516 ; gain = 0.000
remove_forces { {/simul_module_sig_tb/UUT_calc_param_1/i_reset} }
restart
INFO: [Simtcl 6-17] Simulation restarted
run 300 ms
run: Time (s): cpu = 00:00:05 ; elapsed = 00:00:08 . Memory (MB): peak = 1829.516 ; gain = 0.000
