#-----------------------------------------------------------
# Vivado v2020.2 (64-bit)
# SW Build 3064766 on Wed Nov 18 09:12:45 MST 2020
# IP Build 3064653 on Wed Nov 18 14:17:31 MST 2020
# Start of session at: Mon May 19 10:51:09 2025
# Process ID: 13640
# Current directory: C:/Users/antoi/AppData/Roaming/Xilinx/Vivado
# Command line: vivado.exe -gui_launcher_event rodinguilauncherevent27768
# Log file: C:/Users/antoi/AppData/Roaming/Xilinx/Vivado/vivado.log
# Journal file: C:/Users/antoi/AppData/Roaming/Xilinx/Vivado\vivado.jou
#-----------------------------------------------------------
start_gui
open_project C:/Users/antoi/Problematique_Xilix2/pb_logique_seq-vivado2021-h2025/pb_logique_seq.xpr
Scanning sources...
Finished scanning sources
INFO: [IP_Flow 19-234] Refreshing IP repositories
INFO: [IP_Flow 19-1704] No user IP repositories specified
INFO: [IP_Flow 19-2313] Loaded Vivado IP repository 'C:/Xilinx/Vivado/2020.2/data/ip'.
WARNING: [IP_Flow 19-3664] IP 'design_1_compteur_nbits_0_0' generated file not found 'c:/Users/antoi/Problematique_Xilix2/pb_logique_seq-vivado2021-h2025/pb_logique_seq.gen/sources_1/bd/design_1/ip/design_1_compteur_nbits_0_0/design_1_compteur_nbits_0_0.dcp'. Please regenerate to continue.
WARNING: [IP_Flow 19-3664] IP 'design_1_compteur_nbits_0_0' generated file not found 'c:/Users/antoi/Problematique_Xilix2/pb_logique_seq-vivado2021-h2025/pb_logique_seq.gen/sources_1/bd/design_1/ip/design_1_compteur_nbits_0_0/design_1_compteur_nbits_0_0_stub.v'. Please regenerate to continue.
WARNING: [IP_Flow 19-3664] IP 'design_1_compteur_nbits_0_0' generated file not found 'c:/Users/antoi/Problematique_Xilix2/pb_logique_seq-vivado2021-h2025/pb_logique_seq.gen/sources_1/bd/design_1/ip/design_1_compteur_nbits_0_0/design_1_compteur_nbits_0_0_stub.vhdl'. Please regenerate to continue.
WARNING: [IP_Flow 19-3664] IP 'design_1_compteur_nbits_0_0' generated file not found 'c:/Users/antoi/Problematique_Xilix2/pb_logique_seq-vivado2021-h2025/pb_logique_seq.gen/sources_1/bd/design_1/ip/design_1_compteur_nbits_0_0/design_1_compteur_nbits_0_0_sim_netlist.v'. Please regenerate to continue.
WARNING: [IP_Flow 19-3664] IP 'design_1_compteur_nbits_0_0' generated file not found 'c:/Users/antoi/Problematique_Xilix2/pb_logique_seq-vivado2021-h2025/pb_logique_seq.gen/sources_1/bd/design_1/ip/design_1_compteur_nbits_0_0/design_1_compteur_nbits_0_0_sim_netlist.vhdl'. Please regenerate to continue.
WARNING: [IP_Flow 19-3664] IP 'design_1_reg_24b_0_0' generated file not found 'c:/Users/antoi/Problematique_Xilix2/pb_logique_seq-vivado2021-h2025/pb_logique_seq.gen/sources_1/bd/design_1/ip/design_1_reg_24b_0_0/design_1_reg_24b_0_0.dcp'. Please regenerate to continue.
WARNING: [IP_Flow 19-3664] IP 'design_1_reg_24b_0_0' generated file not found 'c:/Users/antoi/Problematique_Xilix2/pb_logique_seq-vivado2021-h2025/pb_logique_seq.gen/sources_1/bd/design_1/ip/design_1_reg_24b_0_0/design_1_reg_24b_0_0_stub.v'. Please regenerate to continue.
WARNING: [IP_Flow 19-3664] IP 'design_1_reg_24b_0_0' generated file not found 'c:/Users/antoi/Problematique_Xilix2/pb_logique_seq-vivado2021-h2025/pb_logique_seq.gen/sources_1/bd/design_1/ip/design_1_reg_24b_0_0/design_1_reg_24b_0_0_stub.vhdl'. Please regenerate to continue.
WARNING: [IP_Flow 19-3664] IP 'design_1_reg_24b_0_0' generated file not found 'c:/Users/antoi/Problematique_Xilix2/pb_logique_seq-vivado2021-h2025/pb_logique_seq.gen/sources_1/bd/design_1/ip/design_1_reg_24b_0_0/design_1_reg_24b_0_0_sim_netlist.v'. Please regenerate to continue.
WARNING: [IP_Flow 19-3664] IP 'design_1_reg_24b_0_0' generated file not found 'c:/Users/antoi/Problematique_Xilix2/pb_logique_seq-vivado2021-h2025/pb_logique_seq.gen/sources_1/bd/design_1/ip/design_1_reg_24b_0_0/design_1_reg_24b_0_0_sim_netlist.vhdl'. Please regenerate to continue.
WARNING: [IP_Flow 19-3664] IP 'design_1_reg_24b_0_1' generated file not found 'c:/Users/antoi/Problematique_Xilix2/pb_logique_seq-vivado2021-h2025/pb_logique_seq.gen/sources_1/bd/design_1/ip/design_1_reg_24b_0_1/design_1_reg_24b_0_1.dcp'. Please regenerate to continue.
WARNING: [IP_Flow 19-3664] IP 'design_1_reg_24b_0_1' generated file not found 'c:/Users/antoi/Problematique_Xilix2/pb_logique_seq-vivado2021-h2025/pb_logique_seq.gen/sources_1/bd/design_1/ip/design_1_reg_24b_0_1/design_1_reg_24b_0_1_stub.v'. Please regenerate to continue.
WARNING: [IP_Flow 19-3664] IP 'design_1_reg_24b_0_1' generated file not found 'c:/Users/antoi/Problematique_Xilix2/pb_logique_seq-vivado2021-h2025/pb_logique_seq.gen/sources_1/bd/design_1/ip/design_1_reg_24b_0_1/design_1_reg_24b_0_1_stub.vhdl'. Please regenerate to continue.
WARNING: [IP_Flow 19-3664] IP 'design_1_reg_24b_0_1' generated file not found 'c:/Users/antoi/Problematique_Xilix2/pb_logique_seq-vivado2021-h2025/pb_logique_seq.gen/sources_1/bd/design_1/ip/design_1_reg_24b_0_1/design_1_reg_24b_0_1_sim_netlist.v'. Please regenerate to continue.
WARNING: [IP_Flow 19-3664] IP 'design_1_reg_24b_0_1' generated file not found 'c:/Users/antoi/Problematique_Xilix2/pb_logique_seq-vivado2021-h2025/pb_logique_seq.gen/sources_1/bd/design_1/ip/design_1_reg_24b_0_1/design_1_reg_24b_0_1_sim_netlist.vhdl'. Please regenerate to continue.
WARNING: [IP_Flow 19-3664] IP 'design_1_mef_cod_i2s_vsb_0_0' generated file not found 'c:/Users/antoi/Problematique_Xilix2/pb_logique_seq-vivado2021-h2025/pb_logique_seq.gen/sources_1/bd/design_1/ip/design_1_mef_cod_i2s_vsb_0_0/design_1_mef_cod_i2s_vsb_0_0.dcp'. Please regenerate to continue.
WARNING: [IP_Flow 19-3664] IP 'design_1_mef_cod_i2s_vsb_0_0' generated file not found 'c:/Users/antoi/Problematique_Xilix2/pb_logique_seq-vivado2021-h2025/pb_logique_seq.gen/sources_1/bd/design_1/ip/design_1_mef_cod_i2s_vsb_0_0/design_1_mef_cod_i2s_vsb_0_0_stub.v'. Please regenerate to continue.
WARNING: [IP_Flow 19-3664] IP 'design_1_mef_cod_i2s_vsb_0_0' generated file not found 'c:/Users/antoi/Problematique_Xilix2/pb_logique_seq-vivado2021-h2025/pb_logique_seq.gen/sources_1/bd/design_1/ip/design_1_mef_cod_i2s_vsb_0_0/design_1_mef_cod_i2s_vsb_0_0_stub.vhdl'. Please regenerate to continue.
WARNING: [IP_Flow 19-3664] IP 'design_1_mef_cod_i2s_vsb_0_0' generated file not found 'c:/Users/antoi/Problematique_Xilix2/pb_logique_seq-vivado2021-h2025/pb_logique_seq.gen/sources_1/bd/design_1/ip/design_1_mef_cod_i2s_vsb_0_0/design_1_mef_cod_i2s_vsb_0_0_sim_netlist.v'. Please regenerate to continue.
WARNING: [IP_Flow 19-3664] IP 'design_1_mef_cod_i2s_vsb_0_0' generated file not found 'c:/Users/antoi/Problematique_Xilix2/pb_logique_seq-vivado2021-h2025/pb_logique_seq.gen/sources_1/bd/design_1/ip/design_1_mef_cod_i2s_vsb_0_0/design_1_mef_cod_i2s_vsb_0_0_sim_netlist.vhdl'. Please regenerate to continue.
WARNING: [IP_Flow 19-3664] IP 'design_1_reg_dec_24b_fd_0_0' generated file not found 'c:/Users/antoi/Problematique_Xilix2/pb_logique_seq-vivado2021-h2025/pb_logique_seq.gen/sources_1/bd/design_1/ip/design_1_reg_dec_24b_fd_0_0/design_1_reg_dec_24b_fd_0_0.dcp'. Please regenerate to continue.
WARNING: [IP_Flow 19-3664] IP 'design_1_reg_dec_24b_fd_0_0' generated file not found 'c:/Users/antoi/Problematique_Xilix2/pb_logique_seq-vivado2021-h2025/pb_logique_seq.gen/sources_1/bd/design_1/ip/design_1_reg_dec_24b_fd_0_0/design_1_reg_dec_24b_fd_0_0_stub.v'. Please regenerate to continue.
WARNING: [IP_Flow 19-3664] IP 'design_1_reg_dec_24b_fd_0_0' generated file not found 'c:/Users/antoi/Problematique_Xilix2/pb_logique_seq-vivado2021-h2025/pb_logique_seq.gen/sources_1/bd/design_1/ip/design_1_reg_dec_24b_fd_0_0/design_1_reg_dec_24b_fd_0_0_stub.vhdl'. Please regenerate to continue.
WARNING: [IP_Flow 19-3664] IP 'design_1_reg_dec_24b_fd_0_0' generated file not found 'c:/Users/antoi/Problematique_Xilix2/pb_logique_seq-vivado2021-h2025/pb_logique_seq.gen/sources_1/bd/design_1/ip/design_1_reg_dec_24b_fd_0_0/design_1_reg_dec_24b_fd_0_0_sim_netlist.v'. Please regenerate to continue.
WARNING: [IP_Flow 19-3664] IP 'design_1_reg_dec_24b_fd_0_0' generated file not found 'c:/Users/antoi/Problematique_Xilix2/pb_logique_seq-vivado2021-h2025/pb_logique_seq.gen/sources_1/bd/design_1/ip/design_1_reg_dec_24b_fd_0_0/design_1_reg_dec_24b_fd_0_0_sim_netlist.vhdl'. Please regenerate to continue.
WARNING: [IP_Flow 19-3664] IP 'design_1_util_vector_logic_0_0' generated file not found 'c:/Users/antoi/Problematique_Xilix2/pb_logique_seq-vivado2021-h2025/pb_logique_seq.gen/sources_1/bd/design_1/ip/design_1_util_vector_logic_0_0/design_1_util_vector_logic_0_0.dcp'. Please regenerate to continue.
WARNING: [IP_Flow 19-3664] IP 'design_1_util_vector_logic_0_0' generated file not found 'c:/Users/antoi/Problematique_Xilix2/pb_logique_seq-vivado2021-h2025/pb_logique_seq.gen/sources_1/bd/design_1/ip/design_1_util_vector_logic_0_0/design_1_util_vector_logic_0_0_stub.v'. Please regenerate to continue.
WARNING: [IP_Flow 19-3664] IP 'design_1_util_vector_logic_0_0' generated file not found 'c:/Users/antoi/Problematique_Xilix2/pb_logique_seq-vivado2021-h2025/pb_logique_seq.gen/sources_1/bd/design_1/ip/design_1_util_vector_logic_0_0/design_1_util_vector_logic_0_0_stub.vhdl'. Please regenerate to continue.
WARNING: [IP_Flow 19-3664] IP 'design_1_util_vector_logic_0_0' generated file not found 'c:/Users/antoi/Problematique_Xilix2/pb_logique_seq-vivado2021-h2025/pb_logique_seq.gen/sources_1/bd/design_1/ip/design_1_util_vector_logic_0_0/design_1_util_vector_logic_0_0_sim_netlist.v'. Please regenerate to continue.
WARNING: [IP_Flow 19-3664] IP 'design_1_util_vector_logic_0_0' generated file not found 'c:/Users/antoi/Problematique_Xilix2/pb_logique_seq-vivado2021-h2025/pb_logique_seq.gen/sources_1/bd/design_1/ip/design_1_util_vector_logic_0_0/design_1_util_vector_logic_0_0_sim_netlist.vhdl'. Please regenerate to continue.
WARNING: [IP_Flow 19-3664] IP 'design_1_affhexPmodSSD_v3_0_0' generated file not found 'c:/Users/antoi/Problematique_Xilix2/pb_logique_seq-vivado2021-h2025/pb_logique_seq.gen/sources_1/bd/design_1/ip/design_1_affhexPmodSSD_v3_0_0/design_1_affhexPmodSSD_v3_0_0.dcp'. Please regenerate to continue.
WARNING: [IP_Flow 19-3664] IP 'design_1_affhexPmodSSD_v3_0_0' generated file not found 'c:/Users/antoi/Problematique_Xilix2/pb_logique_seq-vivado2021-h2025/pb_logique_seq.gen/sources_1/bd/design_1/ip/design_1_affhexPmodSSD_v3_0_0/design_1_affhexPmodSSD_v3_0_0_stub.v'. Please regenerate to continue.
WARNING: [IP_Flow 19-3664] IP 'design_1_affhexPmodSSD_v3_0_0' generated file not found 'c:/Users/antoi/Problematique_Xilix2/pb_logique_seq-vivado2021-h2025/pb_logique_seq.gen/sources_1/bd/design_1/ip/design_1_affhexPmodSSD_v3_0_0/design_1_affhexPmodSSD_v3_0_0_stub.vhdl'. Please regenerate to continue.
WARNING: [IP_Flow 19-3664] IP 'design_1_affhexPmodSSD_v3_0_0' generated file not found 'c:/Users/antoi/Problematique_Xilix2/pb_logique_seq-vivado2021-h2025/pb_logique_seq.gen/sources_1/bd/design_1/ip/design_1_affhexPmodSSD_v3_0_0/design_1_affhexPmodSSD_v3_0_0_sim_netlist.v'. Please regenerate to continue.
WARNING: [IP_Flow 19-3664] IP 'design_1_affhexPmodSSD_v3_0_0' generated file not found 'c:/Users/antoi/Problematique_Xilix2/pb_logique_seq-vivado2021-h2025/pb_logique_seq.gen/sources_1/bd/design_1/ip/design_1_affhexPmodSSD_v3_0_0/design_1_affhexPmodSSD_v3_0_0_sim_netlist.vhdl'. Please regenerate to continue.
WARNING: [IP_Flow 19-3664] IP 'design_1_calcul_param_3_0_0' generated file not found 'c:/Users/antoi/Problematique_Xilix2/pb_logique_seq-vivado2021-h2025/pb_logique_seq.gen/sources_1/bd/design_1/ip/design_1_calcul_param_3_0_0/design_1_calcul_param_3_0_0.dcp'. Please regenerate to continue.
WARNING: [IP_Flow 19-3664] IP 'design_1_calcul_param_3_0_0' generated file not found 'c:/Users/antoi/Problematique_Xilix2/pb_logique_seq-vivado2021-h2025/pb_logique_seq.gen/sources_1/bd/design_1/ip/design_1_calcul_param_3_0_0/design_1_calcul_param_3_0_0_stub.v'. Please regenerate to continue.
WARNING: [IP_Flow 19-3664] IP 'design_1_calcul_param_3_0_0' generated file not found 'c:/Users/antoi/Problematique_Xilix2/pb_logique_seq-vivado2021-h2025/pb_logique_seq.gen/sources_1/bd/design_1/ip/design_1_calcul_param_3_0_0/design_1_calcul_param_3_0_0_stub.vhdl'. Please regenerate to continue.
WARNING: [IP_Flow 19-3664] IP 'design_1_calcul_param_3_0_0' generated file not found 'c:/Users/antoi/Problematique_Xilix2/pb_logique_seq-vivado2021-h2025/pb_logique_seq.gen/sources_1/bd/design_1/ip/design_1_calcul_param_3_0_0/design_1_calcul_param_3_0_0_sim_netlist.v'. Please regenerate to continue.
WARNING: [IP_Flow 19-3664] IP 'design_1_calcul_param_3_0_0' generated file not found 'c:/Users/antoi/Problematique_Xilix2/pb_logique_seq-vivado2021-h2025/pb_logique_seq.gen/sources_1/bd/design_1/ip/design_1_calcul_param_3_0_0/design_1_calcul_param_3_0_0_sim_netlist.vhdl'. Please regenerate to continue.
WARNING: [IP_Flow 19-3664] IP 'design_1_mux4_0_0' generated file not found 'c:/Users/antoi/Problematique_Xilix2/pb_logique_seq-vivado2021-h2025/pb_logique_seq.gen/sources_1/bd/design_1/ip/design_1_mux4_0_0/design_1_mux4_0_0.dcp'. Please regenerate to continue.
WARNING: [IP_Flow 19-3664] IP 'design_1_mux4_0_0' generated file not found 'c:/Users/antoi/Problematique_Xilix2/pb_logique_seq-vivado2021-h2025/pb_logique_seq.gen/sources_1/bd/design_1/ip/design_1_mux4_0_0/design_1_mux4_0_0_stub.v'. Please regenerate to continue.
WARNING: [IP_Flow 19-3664] IP 'design_1_mux4_0_0' generated file not found 'c:/Users/antoi/Problematique_Xilix2/pb_logique_seq-vivado2021-h2025/pb_logique_seq.gen/sources_1/bd/design_1/ip/design_1_mux4_0_0/design_1_mux4_0_0_stub.vhdl'. Please regenerate to continue.
WARNING: [IP_Flow 19-3664] IP 'design_1_mux4_0_0' generated file not found 'c:/Users/antoi/Problematique_Xilix2/pb_logique_seq-vivado2021-h2025/pb_logique_seq.gen/sources_1/bd/design_1/ip/design_1_mux4_0_0/design_1_mux4_0_0_sim_netlist.v'. Please regenerate to continue.
WARNING: [IP_Flow 19-3664] IP 'design_1_mux4_0_0' generated file not found 'c:/Users/antoi/Problematique_Xilix2/pb_logique_seq-vivado2021-h2025/pb_logique_seq.gen/sources_1/bd/design_1/ip/design_1_mux4_0_0/design_1_mux4_0_0_sim_netlist.vhdl'. Please regenerate to continue.
WARNING: [IP_Flow 19-3664] IP 'design_1_mux4_0_1' generated file not found 'c:/Users/antoi/Problematique_Xilix2/pb_logique_seq-vivado2021-h2025/pb_logique_seq.gen/sources_1/bd/design_1/ip/design_1_mux4_0_1/design_1_mux4_0_1.dcp'. Please regenerate to continue.
WARNING: [IP_Flow 19-3664] IP 'design_1_mux4_0_1' generated file not found 'c:/Users/antoi/Problematique_Xilix2/pb_logique_seq-vivado2021-h2025/pb_logique_seq.gen/sources_1/bd/design_1/ip/design_1_mux4_0_1/design_1_mux4_0_1_stub.v'. Please regenerate to continue.
WARNING: [IP_Flow 19-3664] IP 'design_1_mux4_0_1' generated file not found 'c:/Users/antoi/Problematique_Xilix2/pb_logique_seq-vivado2021-h2025/pb_logique_seq.gen/sources_1/bd/design_1/ip/design_1_mux4_0_1/design_1_mux4_0_1_stub.vhdl'. Please regenerate to continue.
WARNING: [IP_Flow 19-3664] IP 'design_1_mux4_0_1' generated file not found 'c:/Users/antoi/Problematique_Xilix2/pb_logique_seq-vivado2021-h2025/pb_logique_seq.gen/sources_1/bd/design_1/ip/design_1_mux4_0_1/design_1_mux4_0_1_sim_netlist.v'. Please regenerate to continue.
WARNING: [IP_Flow 19-3664] IP 'design_1_mux4_0_1' generated file not found 'c:/Users/antoi/Problematique_Xilix2/pb_logique_seq-vivado2021-h2025/pb_logique_seq.gen/sources_1/bd/design_1/ip/design_1_mux4_0_1/design_1_mux4_0_1_sim_netlist.vhdl'. Please regenerate to continue.
WARNING: [IP_Flow 19-3664] IP 'design_1_sig_fct_sat_dure_0_1' generated file not found 'c:/Users/antoi/Problematique_Xilix2/pb_logique_seq-vivado2021-h2025/pb_logique_seq.gen/sources_1/bd/design_1/ip/design_1_sig_fct_sat_dure_0_1/design_1_sig_fct_sat_dure_0_1.dcp'. Please regenerate to continue.
WARNING: [IP_Flow 19-3664] IP 'design_1_sig_fct_sat_dure_0_1' generated file not found 'c:/Users/antoi/Problematique_Xilix2/pb_logique_seq-vivado2021-h2025/pb_logique_seq.gen/sources_1/bd/design_1/ip/design_1_sig_fct_sat_dure_0_1/design_1_sig_fct_sat_dure_0_1_stub.v'. Please regenerate to continue.
WARNING: [IP_Flow 19-3664] IP 'design_1_sig_fct_sat_dure_0_1' generated file not found 'c:/Users/antoi/Problematique_Xilix2/pb_logique_seq-vivado2021-h2025/pb_logique_seq.gen/sources_1/bd/design_1/ip/design_1_sig_fct_sat_dure_0_1/design_1_sig_fct_sat_dure_0_1_stub.vhdl'. Please regenerate to continue.
WARNING: [IP_Flow 19-3664] IP 'design_1_sig_fct_sat_dure_0_1' generated file not found 'c:/Users/antoi/Problematique_Xilix2/pb_logique_seq-vivado2021-h2025/pb_logique_seq.gen/sources_1/bd/design_1/ip/design_1_sig_fct_sat_dure_0_1/design_1_sig_fct_sat_dure_0_1_sim_netlist.v'. Please regenerate to continue.
WARNING: [IP_Flow 19-3664] IP 'design_1_sig_fct_sat_dure_0_1' generated file not found 'c:/Users/antoi/Problematique_Xilix2/pb_logique_seq-vivado2021-h2025/pb_logique_seq.gen/sources_1/bd/design_1/ip/design_1_sig_fct_sat_dure_0_1/design_1_sig_fct_sat_dure_0_1_sim_netlist.vhdl'. Please regenerate to continue.
open_project: Time (s): cpu = 00:00:34 ; elapsed = 00:00:21 . Memory (MB): peak = 1095.273 ; gain = 0.000
update_compile_order -fileset sources_1
CRITICAL WARNING: [HDL 9-806] Syntax error near ")". [C:/Users/antoi/Problematique_Xilix2/pb_logique_seq-vivado2021-h2025/pb_logique_seq.srcs/sources_1/imports/new/calcul_param_1.vhd:58]
CRITICAL WARNING: [HDL 9-806] Syntax error near ")". [C:/Users/antoi/Problematique_Xilix2/pb_logique_seq-vivado2021-h2025/pb_logique_seq.srcs/sources_1/imports/new/calcul_param_1.vhd:58]
CRITICAL WARNING: [HDL 9-806] Syntax error near ")". [C:/Users/antoi/Problematique_Xilix2/pb_logique_seq-vivado2021-h2025/pb_logique_seq.srcs/sources_1/imports/new/calcul_param_1.vhd:58]
CRITICAL WARNING: [HDL 9-806] Syntax error near ")". [C:/Users/antoi/Problematique_Xilix2/pb_logique_seq-vivado2021-h2025/pb_logique_seq.srcs/sources_1/imports/new/calcul_param_1.vhd:58]
CRITICAL WARNING: [HDL 9-806] Syntax error near ")". [C:/Users/antoi/Problematique_Xilix2/pb_logique_seq-vivado2021-h2025/pb_logique_seq.srcs/sources_1/imports/new/calcul_param_1.vhd:58]
CRITICAL WARNING: [HDL 9-806] Syntax error near ")". [C:/Users/antoi/Problematique_Xilix2/pb_logique_seq-vivado2021-h2025/pb_logique_seq.srcs/sources_1/imports/new/calcul_param_1.vhd:58]
CRITICAL WARNING: [HDL 9-806] Syntax error near ")". [C:/Users/antoi/Problematique_Xilix2/pb_logique_seq-vivado2021-h2025/pb_logique_seq.srcs/sources_1/imports/new/calcul_param_1.vhd:58]
CRITICAL WARNING: [HDL 9-806] Syntax error near ")". [C:/Users/antoi/Problematique_Xilix2/pb_logique_seq-vivado2021-h2025/pb_logique_seq.srcs/sources_1/imports/new/calcul_param_1.vhd:58]
CRITICAL WARNING: [HDL 9-806] Syntax error near "then". [C:/Users/antoi/Problematique_Xilix2/pb_logique_seq-vivado2021-h2025/pb_logique_seq.srcs/sources_1/imports/new/calcul_param_1.vhd:79]
CRITICAL WARNING: [HDL 9-806] Syntax error near "else". [C:/Users/antoi/Problematique_Xilix2/pb_logique_seq-vivado2021-h2025/pb_logique_seq.srcs/sources_1/imports/new/calcul_param_1.vhd:81]
CRITICAL WARNING: [HDL 9-806] Syntax error near "if". [C:/Users/antoi/Problematique_Xilix2/pb_logique_seq-vivado2021-h2025/pb_logique_seq.srcs/sources_1/imports/new/calcul_param_1.vhd:83]
CRITICAL WARNING: [HDL 9-806] Syntax error near "then". [C:/Users/antoi/Problematique_Xilix2/pb_logique_seq-vivado2021-h2025/pb_logique_seq.srcs/sources_1/imports/new/calcul_param_1.vhd:79]
CRITICAL WARNING: [HDL 9-806] Syntax error near "else". [C:/Users/antoi/Problematique_Xilix2/pb_logique_seq-vivado2021-h2025/pb_logique_seq.srcs/sources_1/imports/new/calcul_param_1.vhd:81]
CRITICAL WARNING: [HDL 9-806] Syntax error near "if". [C:/Users/antoi/Problematique_Xilix2/pb_logique_seq-vivado2021-h2025/pb_logique_seq.srcs/sources_1/imports/new/calcul_param_1.vhd:83]
CRITICAL WARNING: [HDL 9-806] Syntax error near "then". [C:/Users/antoi/Problematique_Xilix2/pb_logique_seq-vivado2021-h2025/pb_logique_seq.srcs/sources_1/imports/new/calcul_param_1.vhd:79]
CRITICAL WARNING: [HDL 9-806] Syntax error near "else". [C:/Users/antoi/Problematique_Xilix2/pb_logique_seq-vivado2021-h2025/pb_logique_seq.srcs/sources_1/imports/new/calcul_param_1.vhd:81]
CRITICAL WARNING: [HDL 9-806] Syntax error near "if". [C:/Users/antoi/Problematique_Xilix2/pb_logique_seq-vivado2021-h2025/pb_logique_seq.srcs/sources_1/imports/new/calcul_param_1.vhd:83]
CRITICAL WARNING: [HDL 9-806] Syntax error near "then". [C:/Users/antoi/Problematique_Xilix2/pb_logique_seq-vivado2021-h2025/pb_logique_seq.srcs/sources_1/imports/new/calcul_param_1.vhd:79]
CRITICAL WARNING: [HDL 9-806] Syntax error near "else". [C:/Users/antoi/Problematique_Xilix2/pb_logique_seq-vivado2021-h2025/pb_logique_seq.srcs/sources_1/imports/new/calcul_param_1.vhd:81]
CRITICAL WARNING: [HDL 9-806] Syntax error near "if". [C:/Users/antoi/Problematique_Xilix2/pb_logique_seq-vivado2021-h2025/pb_logique_seq.srcs/sources_1/imports/new/calcul_param_1.vhd:83]
CRITICAL WARNING: [HDL 9-806] Syntax error near "then". [C:/Users/antoi/Problematique_Xilix2/pb_logique_seq-vivado2021-h2025/pb_logique_seq.srcs/sources_1/imports/new/calcul_param_1.vhd:79]
CRITICAL WARNING: [HDL 9-806] Syntax error near "else". [C:/Users/antoi/Problematique_Xilix2/pb_logique_seq-vivado2021-h2025/pb_logique_seq.srcs/sources_1/imports/new/calcul_param_1.vhd:81]
CRITICAL WARNING: [HDL 9-806] Syntax error near "if". [C:/Users/antoi/Problematique_Xilix2/pb_logique_seq-vivado2021-h2025/pb_logique_seq.srcs/sources_1/imports/new/calcul_param_1.vhd:83]
CRITICAL WARNING: [HDL 9-806] Syntax error near "then". [C:/Users/antoi/Problematique_Xilix2/pb_logique_seq-vivado2021-h2025/pb_logique_seq.srcs/sources_1/imports/new/calcul_param_1.vhd:79]
CRITICAL WARNING: [HDL 9-806] Syntax error near "else". [C:/Users/antoi/Problematique_Xilix2/pb_logique_seq-vivado2021-h2025/pb_logique_seq.srcs/sources_1/imports/new/calcul_param_1.vhd:81]
CRITICAL WARNING: [HDL 9-806] Syntax error near "if". [C:/Users/antoi/Problematique_Xilix2/pb_logique_seq-vivado2021-h2025/pb_logique_seq.srcs/sources_1/imports/new/calcul_param_1.vhd:83]
CRITICAL WARNING: [HDL 9-806] Syntax error near "then". [C:/Users/antoi/Problematique_Xilix2/pb_logique_seq-vivado2021-h2025/pb_logique_seq.srcs/sources_1/imports/new/calcul_param_1.vhd:79]
CRITICAL WARNING: [HDL 9-806] Syntax error near "else". [C:/Users/antoi/Problematique_Xilix2/pb_logique_seq-vivado2021-h2025/pb_logique_seq.srcs/sources_1/imports/new/calcul_param_1.vhd:81]
CRITICAL WARNING: [HDL 9-806] Syntax error near "if". [C:/Users/antoi/Problematique_Xilix2/pb_logique_seq-vivado2021-h2025/pb_logique_seq.srcs/sources_1/imports/new/calcul_param_1.vhd:83]
CRITICAL WARNING: [HDL 9-806] Syntax error near "then". [C:/Users/antoi/Problematique_Xilix2/pb_logique_seq-vivado2021-h2025/pb_logique_seq.srcs/sources_1/imports/new/calcul_param_1.vhd:79]
CRITICAL WARNING: [HDL 9-806] Syntax error near "else". [C:/Users/antoi/Problematique_Xilix2/pb_logique_seq-vivado2021-h2025/pb_logique_seq.srcs/sources_1/imports/new/calcul_param_1.vhd:81]
CRITICAL WARNING: [HDL 9-806] Syntax error near "if". [C:/Users/antoi/Problematique_Xilix2/pb_logique_seq-vivado2021-h2025/pb_logique_seq.srcs/sources_1/imports/new/calcul_param_1.vhd:83]
CRITICAL WARNING: [HDL 9-806] Syntax error near "then". [C:/Users/antoi/Problematique_Xilix2/pb_logique_seq-vivado2021-h2025/pb_logique_seq.srcs/sources_1/imports/new/calcul_param_1.vhd:79]
CRITICAL WARNING: [HDL 9-806] Syntax error near "else". [C:/Users/antoi/Problematique_Xilix2/pb_logique_seq-vivado2021-h2025/pb_logique_seq.srcs/sources_1/imports/new/calcul_param_1.vhd:81]
CRITICAL WARNING: [HDL 9-806] Syntax error near "if". [C:/Users/antoi/Problematique_Xilix2/pb_logique_seq-vivado2021-h2025/pb_logique_seq.srcs/sources_1/imports/new/calcul_param_1.vhd:83]
CRITICAL WARNING: [HDL 9-806] Syntax error near "then". [C:/Users/antoi/Problematique_Xilix2/pb_logique_seq-vivado2021-h2025/pb_logique_seq.srcs/sources_1/imports/new/calcul_param_1.vhd:79]
CRITICAL WARNING: [HDL 9-806] Syntax error near "else". [C:/Users/antoi/Problematique_Xilix2/pb_logique_seq-vivado2021-h2025/pb_logique_seq.srcs/sources_1/imports/new/calcul_param_1.vhd:81]
CRITICAL WARNING: [HDL 9-806] Syntax error near "if". [C:/Users/antoi/Problematique_Xilix2/pb_logique_seq-vivado2021-h2025/pb_logique_seq.srcs/sources_1/imports/new/calcul_param_1.vhd:83]
CRITICAL WARNING: [HDL 9-806] Syntax error near "then". [C:/Users/antoi/Problematique_Xilix2/pb_logique_seq-vivado2021-h2025/pb_logique_seq.srcs/sources_1/imports/new/calcul_param_1.vhd:81]
CRITICAL WARNING: [HDL 9-806] Syntax error near "else". [C:/Users/antoi/Problematique_Xilix2/pb_logique_seq-vivado2021-h2025/pb_logique_seq.srcs/sources_1/imports/new/calcul_param_1.vhd:83]
CRITICAL WARNING: [HDL 9-806] Syntax error near "if". [C:/Users/antoi/Problematique_Xilix2/pb_logique_seq-vivado2021-h2025/pb_logique_seq.srcs/sources_1/imports/new/calcul_param_1.vhd:85]
CRITICAL WARNING: [HDL 9-806] Syntax error near "then". [C:/Users/antoi/Problematique_Xilix2/pb_logique_seq-vivado2021-h2025/pb_logique_seq.srcs/sources_1/imports/new/calcul_param_1.vhd:81]
CRITICAL WARNING: [HDL 9-806] Syntax error near "else". [C:/Users/antoi/Problematique_Xilix2/pb_logique_seq-vivado2021-h2025/pb_logique_seq.srcs/sources_1/imports/new/calcul_param_1.vhd:83]
CRITICAL WARNING: [HDL 9-806] Syntax error near "if". [C:/Users/antoi/Problematique_Xilix2/pb_logique_seq-vivado2021-h2025/pb_logique_seq.srcs/sources_1/imports/new/calcul_param_1.vhd:85]
CRITICAL WARNING: [HDL 9-806] Syntax error near "then". [C:/Users/antoi/Problematique_Xilix2/pb_logique_seq-vivado2021-h2025/pb_logique_seq.srcs/sources_1/imports/new/calcul_param_1.vhd:81]
CRITICAL WARNING: [HDL 9-806] Syntax error near "else". [C:/Users/antoi/Problematique_Xilix2/pb_logique_seq-vivado2021-h2025/pb_logique_seq.srcs/sources_1/imports/new/calcul_param_1.vhd:83]
CRITICAL WARNING: [HDL 9-806] Syntax error near "if". [C:/Users/antoi/Problematique_Xilix2/pb_logique_seq-vivado2021-h2025/pb_logique_seq.srcs/sources_1/imports/new/calcul_param_1.vhd:85]
CRITICAL WARNING: [HDL 9-806] Syntax error near "then". [C:/Users/antoi/Problematique_Xilix2/pb_logique_seq-vivado2021-h2025/pb_logique_seq.srcs/sources_1/imports/new/calcul_param_1.vhd:81]
CRITICAL WARNING: [HDL 9-806] Syntax error near "else". [C:/Users/antoi/Problematique_Xilix2/pb_logique_seq-vivado2021-h2025/pb_logique_seq.srcs/sources_1/imports/new/calcul_param_1.vhd:83]
CRITICAL WARNING: [HDL 9-806] Syntax error near "if". [C:/Users/antoi/Problematique_Xilix2/pb_logique_seq-vivado2021-h2025/pb_logique_seq.srcs/sources_1/imports/new/calcul_param_1.vhd:85]
CRITICAL WARNING: [HDL 9-806] Syntax error near "then". [C:/Users/antoi/Problematique_Xilix2/pb_logique_seq-vivado2021-h2025/pb_logique_seq.srcs/sources_1/imports/new/calcul_param_1.vhd:81]
CRITICAL WARNING: [HDL 9-806] Syntax error near "else". [C:/Users/antoi/Problematique_Xilix2/pb_logique_seq-vivado2021-h2025/pb_logique_seq.srcs/sources_1/imports/new/calcul_param_1.vhd:83]
CRITICAL WARNING: [HDL 9-806] Syntax error near "if". [C:/Users/antoi/Problematique_Xilix2/pb_logique_seq-vivado2021-h2025/pb_logique_seq.srcs/sources_1/imports/new/calcul_param_1.vhd:85]
CRITICAL WARNING: [HDL 9-806] Syntax error near "then". [C:/Users/antoi/Problematique_Xilix2/pb_logique_seq-vivado2021-h2025/pb_logique_seq.srcs/sources_1/imports/new/calcul_param_1.vhd:81]
CRITICAL WARNING: [HDL 9-806] Syntax error near "else". [C:/Users/antoi/Problematique_Xilix2/pb_logique_seq-vivado2021-h2025/pb_logique_seq.srcs/sources_1/imports/new/calcul_param_1.vhd:83]
CRITICAL WARNING: [HDL 9-806] Syntax error near "if". [C:/Users/antoi/Problematique_Xilix2/pb_logique_seq-vivado2021-h2025/pb_logique_seq.srcs/sources_1/imports/new/calcul_param_1.vhd:85]
CRITICAL WARNING: [HDL 9-806] Syntax error near "then". [C:/Users/antoi/Problematique_Xilix2/pb_logique_seq-vivado2021-h2025/pb_logique_seq.srcs/sources_1/imports/new/calcul_param_1.vhd:81]
CRITICAL WARNING: [HDL 9-806] Syntax error near "else". [C:/Users/antoi/Problematique_Xilix2/pb_logique_seq-vivado2021-h2025/pb_logique_seq.srcs/sources_1/imports/new/calcul_param_1.vhd:83]
CRITICAL WARNING: [HDL 9-806] Syntax error near "if". [C:/Users/antoi/Problematique_Xilix2/pb_logique_seq-vivado2021-h2025/pb_logique_seq.srcs/sources_1/imports/new/calcul_param_1.vhd:85]
CRITICAL WARNING: [HDL 9-806] Syntax error near "then". [C:/Users/antoi/Problematique_Xilix2/pb_logique_seq-vivado2021-h2025/pb_logique_seq.srcs/sources_1/imports/new/calcul_param_1.vhd:81]
CRITICAL WARNING: [HDL 9-806] Syntax error near "else". [C:/Users/antoi/Problematique_Xilix2/pb_logique_seq-vivado2021-h2025/pb_logique_seq.srcs/sources_1/imports/new/calcul_param_1.vhd:83]
CRITICAL WARNING: [HDL 9-806] Syntax error near "if". [C:/Users/antoi/Problematique_Xilix2/pb_logique_seq-vivado2021-h2025/pb_logique_seq.srcs/sources_1/imports/new/calcul_param_1.vhd:85]
CRITICAL WARNING: [HDL 9-806] Syntax error near "then". [C:/Users/antoi/Problematique_Xilix2/pb_logique_seq-vivado2021-h2025/pb_logique_seq.srcs/sources_1/imports/new/calcul_param_1.vhd:92]
CRITICAL WARNING: [HDL 9-806] Syntax error near "else". [C:/Users/antoi/Problematique_Xilix2/pb_logique_seq-vivado2021-h2025/pb_logique_seq.srcs/sources_1/imports/new/calcul_param_1.vhd:94]
CRITICAL WARNING: [HDL 9-806] Syntax error near "if". [C:/Users/antoi/Problematique_Xilix2/pb_logique_seq-vivado2021-h2025/pb_logique_seq.srcs/sources_1/imports/new/calcul_param_1.vhd:96]
CRITICAL WARNING: [HDL 9-806] Syntax error near "then". [C:/Users/antoi/Problematique_Xilix2/pb_logique_seq-vivado2021-h2025/pb_logique_seq.srcs/sources_1/imports/new/calcul_param_1.vhd:92]
CRITICAL WARNING: [HDL 9-806] Syntax error near "else". [C:/Users/antoi/Problematique_Xilix2/pb_logique_seq-vivado2021-h2025/pb_logique_seq.srcs/sources_1/imports/new/calcul_param_1.vhd:94]
CRITICAL WARNING: [HDL 9-806] Syntax error near "if". [C:/Users/antoi/Problematique_Xilix2/pb_logique_seq-vivado2021-h2025/pb_logique_seq.srcs/sources_1/imports/new/calcul_param_1.vhd:96]
CRITICAL WARNING: [HDL 9-806] Syntax error near "then". [C:/Users/antoi/Problematique_Xilix2/pb_logique_seq-vivado2021-h2025/pb_logique_seq.srcs/sources_1/imports/new/calcul_param_1.vhd:92]
CRITICAL WARNING: [HDL 9-806] Syntax error near "else". [C:/Users/antoi/Problematique_Xilix2/pb_logique_seq-vivado2021-h2025/pb_logique_seq.srcs/sources_1/imports/new/calcul_param_1.vhd:94]
CRITICAL WARNING: [HDL 9-806] Syntax error near "if". [C:/Users/antoi/Problematique_Xilix2/pb_logique_seq-vivado2021-h2025/pb_logique_seq.srcs/sources_1/imports/new/calcul_param_1.vhd:96]
CRITICAL WARNING: [HDL 9-806] Syntax error near "then". [C:/Users/antoi/Problematique_Xilix2/pb_logique_seq-vivado2021-h2025/pb_logique_seq.srcs/sources_1/imports/new/calcul_param_1.vhd:92]
CRITICAL WARNING: [HDL 9-806] Syntax error near "else". [C:/Users/antoi/Problematique_Xilix2/pb_logique_seq-vivado2021-h2025/pb_logique_seq.srcs/sources_1/imports/new/calcul_param_1.vhd:94]
CRITICAL WARNING: [HDL 9-806] Syntax error near "if". [C:/Users/antoi/Problematique_Xilix2/pb_logique_seq-vivado2021-h2025/pb_logique_seq.srcs/sources_1/imports/new/calcul_param_1.vhd:96]
CRITICAL WARNING: [HDL 9-806] Syntax error near "then". [C:/Users/antoi/Problematique_Xilix2/pb_logique_seq-vivado2021-h2025/pb_logique_seq.srcs/sources_1/imports/new/calcul_param_1.vhd:92]
CRITICAL WARNING: [HDL 9-806] Syntax error near "else". [C:/Users/antoi/Problematique_Xilix2/pb_logique_seq-vivado2021-h2025/pb_logique_seq.srcs/sources_1/imports/new/calcul_param_1.vhd:94]
CRITICAL WARNING: [HDL 9-806] Syntax error near "if". [C:/Users/antoi/Problematique_Xilix2/pb_logique_seq-vivado2021-h2025/pb_logique_seq.srcs/sources_1/imports/new/calcul_param_1.vhd:96]
CRITICAL WARNING: [HDL 9-806] Syntax error near "then". [C:/Users/antoi/Problematique_Xilix2/pb_logique_seq-vivado2021-h2025/pb_logique_seq.srcs/sources_1/imports/new/calcul_param_1.vhd:92]
CRITICAL WARNING: [HDL 9-806] Syntax error near "else". [C:/Users/antoi/Problematique_Xilix2/pb_logique_seq-vivado2021-h2025/pb_logique_seq.srcs/sources_1/imports/new/calcul_param_1.vhd:94]
CRITICAL WARNING: [HDL 9-806] Syntax error near "if". [C:/Users/antoi/Problematique_Xilix2/pb_logique_seq-vivado2021-h2025/pb_logique_seq.srcs/sources_1/imports/new/calcul_param_1.vhd:96]
CRITICAL WARNING: [HDL 9-806] Syntax error near "then". [C:/Users/antoi/Problematique_Xilix2/pb_logique_seq-vivado2021-h2025/pb_logique_seq.srcs/sources_1/imports/new/calcul_param_1.vhd:92]
CRITICAL WARNING: [HDL 9-806] Syntax error near "else". [C:/Users/antoi/Problematique_Xilix2/pb_logique_seq-vivado2021-h2025/pb_logique_seq.srcs/sources_1/imports/new/calcul_param_1.vhd:94]
CRITICAL WARNING: [HDL 9-806] Syntax error near "if". [C:/Users/antoi/Problematique_Xilix2/pb_logique_seq-vivado2021-h2025/pb_logique_seq.srcs/sources_1/imports/new/calcul_param_1.vhd:96]
set_property top calcul_param_1 [current_fileset]
set_property top_lib xil_defaultlib [current_fileset]
set_property top_arch Behavioral [current_fileset]
set_property top_file C:/Users/antoi/Problematique_Xilix2/pb_logique_seq-vivado2021-h2025/pb_logique_seq.srcs/sources_1/imports/new/calcul_param_1.vhd [current_fileset]
update_compile_order -fileset sources_1
archive_project C:/Users/antoi/Downloads/pb_logique_seq.xpr.zip -temp_dir C:/Users/antoi/AppData/Roaming/Xilinx/Vivado/.Xil/Vivado-13640-Antoine -force -include_local_ip_cache
INFO: [Coretcl 2-137] starting archive...
INFO: [Coretcl 2-1499] Saving project copy to temporary location 'C:/Users/antoi/AppData/Roaming/Xilinx/Vivado/.Xil/Vivado-13640-Antoine' for archiving project
Scanning sources...
Finished scanning sources
INFO: [IP_Flow 19-234] Refreshing IP repositories
INFO: [IP_Flow 19-1704] No user IP repositories specified
INFO: [IP_Flow 19-2313] Loaded Vivado IP repository 'C:/Xilinx/Vivado/2020.2/data/ip'.
WARNING: [IP_Flow 19-3664] IP 'design_1_compteur_nbits_0_0' generated file not found 'c:/Users/antoi/Problematique_Xilix2/pb_logique_seq-vivado2021-h2025/pb_logique_seq.gen/sources_1/bd/design_1/ip/design_1_compteur_nbits_0_0/design_1_compteur_nbits_0_0.dcp'. Please regenerate to continue.
WARNING: [IP_Flow 19-3664] IP 'design_1_compteur_nbits_0_0' generated file not found 'c:/Users/antoi/Problematique_Xilix2/pb_logique_seq-vivado2021-h2025/pb_logique_seq.gen/sources_1/bd/design_1/ip/design_1_compteur_nbits_0_0/design_1_compteur_nbits_0_0_stub.v'. Please regenerate to continue.
WARNING: [IP_Flow 19-3664] IP 'design_1_compteur_nbits_0_0' generated file not found 'c:/Users/antoi/Problematique_Xilix2/pb_logique_seq-vivado2021-h2025/pb_logique_seq.gen/sources_1/bd/design_1/ip/design_1_compteur_nbits_0_0/design_1_compteur_nbits_0_0_stub.vhdl'. Please regenerate to continue.
WARNING: [IP_Flow 19-3664] IP 'design_1_compteur_nbits_0_0' generated file not found 'c:/Users/antoi/Problematique_Xilix2/pb_logique_seq-vivado2021-h2025/pb_logique_seq.gen/sources_1/bd/design_1/ip/design_1_compteur_nbits_0_0/design_1_compteur_nbits_0_0_sim_netlist.v'. Please regenerate to continue.
WARNING: [IP_Flow 19-3664] IP 'design_1_compteur_nbits_0_0' generated file not found 'c:/Users/antoi/Problematique_Xilix2/pb_logique_seq-vivado2021-h2025/pb_logique_seq.gen/sources_1/bd/design_1/ip/design_1_compteur_nbits_0_0/design_1_compteur_nbits_0_0_sim_netlist.vhdl'. Please regenerate to continue.
WARNING: [IP_Flow 19-3664] IP 'design_1_reg_24b_0_0' generated file not found 'c:/Users/antoi/Problematique_Xilix2/pb_logique_seq-vivado2021-h2025/pb_logique_seq.gen/sources_1/bd/design_1/ip/design_1_reg_24b_0_0/design_1_reg_24b_0_0.dcp'. Please regenerate to continue.
WARNING: [IP_Flow 19-3664] IP 'design_1_reg_24b_0_0' generated file not found 'c:/Users/antoi/Problematique_Xilix2/pb_logique_seq-vivado2021-h2025/pb_logique_seq.gen/sources_1/bd/design_1/ip/design_1_reg_24b_0_0/design_1_reg_24b_0_0_stub.v'. Please regenerate to continue.
WARNING: [IP_Flow 19-3664] IP 'design_1_reg_24b_0_0' generated file not found 'c:/Users/antoi/Problematique_Xilix2/pb_logique_seq-vivado2021-h2025/pb_logique_seq.gen/sources_1/bd/design_1/ip/design_1_reg_24b_0_0/design_1_reg_24b_0_0_stub.vhdl'. Please regenerate to continue.
WARNING: [IP_Flow 19-3664] IP 'design_1_reg_24b_0_0' generated file not found 'c:/Users/antoi/Problematique_Xilix2/pb_logique_seq-vivado2021-h2025/pb_logique_seq.gen/sources_1/bd/design_1/ip/design_1_reg_24b_0_0/design_1_reg_24b_0_0_sim_netlist.v'. Please regenerate to continue.
WARNING: [IP_Flow 19-3664] IP 'design_1_reg_24b_0_0' generated file not found 'c:/Users/antoi/Problematique_Xilix2/pb_logique_seq-vivado2021-h2025/pb_logique_seq.gen/sources_1/bd/design_1/ip/design_1_reg_24b_0_0/design_1_reg_24b_0_0_sim_netlist.vhdl'. Please regenerate to continue.
WARNING: [IP_Flow 19-3664] IP 'design_1_reg_24b_0_1' generated file not found 'c:/Users/antoi/Problematique_Xilix2/pb_logique_seq-vivado2021-h2025/pb_logique_seq.gen/sources_1/bd/design_1/ip/design_1_reg_24b_0_1/design_1_reg_24b_0_1.dcp'. Please regenerate to continue.
WARNING: [IP_Flow 19-3664] IP 'design_1_reg_24b_0_1' generated file not found 'c:/Users/antoi/Problematique_Xilix2/pb_logique_seq-vivado2021-h2025/pb_logique_seq.gen/sources_1/bd/design_1/ip/design_1_reg_24b_0_1/design_1_reg_24b_0_1_stub.v'. Please regenerate to continue.
WARNING: [IP_Flow 19-3664] IP 'design_1_reg_24b_0_1' generated file not found 'c:/Users/antoi/Problematique_Xilix2/pb_logique_seq-vivado2021-h2025/pb_logique_seq.gen/sources_1/bd/design_1/ip/design_1_reg_24b_0_1/design_1_reg_24b_0_1_stub.vhdl'. Please regenerate to continue.
WARNING: [IP_Flow 19-3664] IP 'design_1_reg_24b_0_1' generated file not found 'c:/Users/antoi/Problematique_Xilix2/pb_logique_seq-vivado2021-h2025/pb_logique_seq.gen/sources_1/bd/design_1/ip/design_1_reg_24b_0_1/design_1_reg_24b_0_1_sim_netlist.v'. Please regenerate to continue.
WARNING: [IP_Flow 19-3664] IP 'design_1_reg_24b_0_1' generated file not found 'c:/Users/antoi/Problematique_Xilix2/pb_logique_seq-vivado2021-h2025/pb_logique_seq.gen/sources_1/bd/design_1/ip/design_1_reg_24b_0_1/design_1_reg_24b_0_1_sim_netlist.vhdl'. Please regenerate to continue.
WARNING: [IP_Flow 19-3664] IP 'design_1_mef_cod_i2s_vsb_0_0' generated file not found 'c:/Users/antoi/Problematique_Xilix2/pb_logique_seq-vivado2021-h2025/pb_logique_seq.gen/sources_1/bd/design_1/ip/design_1_mef_cod_i2s_vsb_0_0/design_1_mef_cod_i2s_vsb_0_0.dcp'. Please regenerate to continue.
WARNING: [IP_Flow 19-3664] IP 'design_1_mef_cod_i2s_vsb_0_0' generated file not found 'c:/Users/antoi/Problematique_Xilix2/pb_logique_seq-vivado2021-h2025/pb_logique_seq.gen/sources_1/bd/design_1/ip/design_1_mef_cod_i2s_vsb_0_0/design_1_mef_cod_i2s_vsb_0_0_stub.v'. Please regenerate to continue.
WARNING: [IP_Flow 19-3664] IP 'design_1_mef_cod_i2s_vsb_0_0' generated file not found 'c:/Users/antoi/Problematique_Xilix2/pb_logique_seq-vivado2021-h2025/pb_logique_seq.gen/sources_1/bd/design_1/ip/design_1_mef_cod_i2s_vsb_0_0/design_1_mef_cod_i2s_vsb_0_0_stub.vhdl'. Please regenerate to continue.
WARNING: [IP_Flow 19-3664] IP 'design_1_mef_cod_i2s_vsb_0_0' generated file not found 'c:/Users/antoi/Problematique_Xilix2/pb_logique_seq-vivado2021-h2025/pb_logique_seq.gen/sources_1/bd/design_1/ip/design_1_mef_cod_i2s_vsb_0_0/design_1_mef_cod_i2s_vsb_0_0_sim_netlist.v'. Please regenerate to continue.
WARNING: [IP_Flow 19-3664] IP 'design_1_mef_cod_i2s_vsb_0_0' generated file not found 'c:/Users/antoi/Problematique_Xilix2/pb_logique_seq-vivado2021-h2025/pb_logique_seq.gen/sources_1/bd/design_1/ip/design_1_mef_cod_i2s_vsb_0_0/design_1_mef_cod_i2s_vsb_0_0_sim_netlist.vhdl'. Please regenerate to continue.
WARNING: [IP_Flow 19-3664] IP 'design_1_reg_dec_24b_fd_0_0' generated file not found 'c:/Users/antoi/Problematique_Xilix2/pb_logique_seq-vivado2021-h2025/pb_logique_seq.gen/sources_1/bd/design_1/ip/design_1_reg_dec_24b_fd_0_0/design_1_reg_dec_24b_fd_0_0.dcp'. Please regenerate to continue.
WARNING: [IP_Flow 19-3664] IP 'design_1_reg_dec_24b_fd_0_0' generated file not found 'c:/Users/antoi/Problematique_Xilix2/pb_logique_seq-vivado2021-h2025/pb_logique_seq.gen/sources_1/bd/design_1/ip/design_1_reg_dec_24b_fd_0_0/design_1_reg_dec_24b_fd_0_0_stub.v'. Please regenerate to continue.
WARNING: [IP_Flow 19-3664] IP 'design_1_reg_dec_24b_fd_0_0' generated file not found 'c:/Users/antoi/Problematique_Xilix2/pb_logique_seq-vivado2021-h2025/pb_logique_seq.gen/sources_1/bd/design_1/ip/design_1_reg_dec_24b_fd_0_0/design_1_reg_dec_24b_fd_0_0_stub.vhdl'. Please regenerate to continue.
WARNING: [IP_Flow 19-3664] IP 'design_1_reg_dec_24b_fd_0_0' generated file not found 'c:/Users/antoi/Problematique_Xilix2/pb_logique_seq-vivado2021-h2025/pb_logique_seq.gen/sources_1/bd/design_1/ip/design_1_reg_dec_24b_fd_0_0/design_1_reg_dec_24b_fd_0_0_sim_netlist.v'. Please regenerate to continue.
WARNING: [IP_Flow 19-3664] IP 'design_1_reg_dec_24b_fd_0_0' generated file not found 'c:/Users/antoi/Problematique_Xilix2/pb_logique_seq-vivado2021-h2025/pb_logique_seq.gen/sources_1/bd/design_1/ip/design_1_reg_dec_24b_fd_0_0/design_1_reg_dec_24b_fd_0_0_sim_netlist.vhdl'. Please regenerate to continue.
WARNING: [IP_Flow 19-3664] IP 'design_1_util_vector_logic_0_0' generated file not found 'c:/Users/antoi/Problematique_Xilix2/pb_logique_seq-vivado2021-h2025/pb_logique_seq.gen/sources_1/bd/design_1/ip/design_1_util_vector_logic_0_0/design_1_util_vector_logic_0_0.dcp'. Please regenerate to continue.
WARNING: [IP_Flow 19-3664] IP 'design_1_util_vector_logic_0_0' generated file not found 'c:/Users/antoi/Problematique_Xilix2/pb_logique_seq-vivado2021-h2025/pb_logique_seq.gen/sources_1/bd/design_1/ip/design_1_util_vector_logic_0_0/design_1_util_vector_logic_0_0_stub.v'. Please regenerate to continue.
WARNING: [IP_Flow 19-3664] IP 'design_1_util_vector_logic_0_0' generated file not found 'c:/Users/antoi/Problematique_Xilix2/pb_logique_seq-vivado2021-h2025/pb_logique_seq.gen/sources_1/bd/design_1/ip/design_1_util_vector_logic_0_0/design_1_util_vector_logic_0_0_stub.vhdl'. Please regenerate to continue.
WARNING: [IP_Flow 19-3664] IP 'design_1_util_vector_logic_0_0' generated file not found 'c:/Users/antoi/Problematique_Xilix2/pb_logique_seq-vivado2021-h2025/pb_logique_seq.gen/sources_1/bd/design_1/ip/design_1_util_vector_logic_0_0/design_1_util_vector_logic_0_0_sim_netlist.v'. Please regenerate to continue.
WARNING: [IP_Flow 19-3664] IP 'design_1_util_vector_logic_0_0' generated file not found 'c:/Users/antoi/Problematique_Xilix2/pb_logique_seq-vivado2021-h2025/pb_logique_seq.gen/sources_1/bd/design_1/ip/design_1_util_vector_logic_0_0/design_1_util_vector_logic_0_0_sim_netlist.vhdl'. Please regenerate to continue.
WARNING: [IP_Flow 19-3664] IP 'design_1_affhexPmodSSD_v3_0_0' generated file not found 'c:/Users/antoi/Problematique_Xilix2/pb_logique_seq-vivado2021-h2025/pb_logique_seq.gen/sources_1/bd/design_1/ip/design_1_affhexPmodSSD_v3_0_0/design_1_affhexPmodSSD_v3_0_0.dcp'. Please regenerate to continue.
WARNING: [IP_Flow 19-3664] IP 'design_1_affhexPmodSSD_v3_0_0' generated file not found 'c:/Users/antoi/Problematique_Xilix2/pb_logique_seq-vivado2021-h2025/pb_logique_seq.gen/sources_1/bd/design_1/ip/design_1_affhexPmodSSD_v3_0_0/design_1_affhexPmodSSD_v3_0_0_stub.v'. Please regenerate to continue.
WARNING: [IP_Flow 19-3664] IP 'design_1_affhexPmodSSD_v3_0_0' generated file not found 'c:/Users/antoi/Problematique_Xilix2/pb_logique_seq-vivado2021-h2025/pb_logique_seq.gen/sources_1/bd/design_1/ip/design_1_affhexPmodSSD_v3_0_0/design_1_affhexPmodSSD_v3_0_0_stub.vhdl'. Please regenerate to continue.
WARNING: [IP_Flow 19-3664] IP 'design_1_affhexPmodSSD_v3_0_0' generated file not found 'c:/Users/antoi/Problematique_Xilix2/pb_logique_seq-vivado2021-h2025/pb_logique_seq.gen/sources_1/bd/design_1/ip/design_1_affhexPmodSSD_v3_0_0/design_1_affhexPmodSSD_v3_0_0_sim_netlist.v'. Please regenerate to continue.
WARNING: [IP_Flow 19-3664] IP 'design_1_affhexPmodSSD_v3_0_0' generated file not found 'c:/Users/antoi/Problematique_Xilix2/pb_logique_seq-vivado2021-h2025/pb_logique_seq.gen/sources_1/bd/design_1/ip/design_1_affhexPmodSSD_v3_0_0/design_1_affhexPmodSSD_v3_0_0_sim_netlist.vhdl'. Please regenerate to continue.
WARNING: [IP_Flow 19-3664] IP 'design_1_calcul_param_3_0_0' generated file not found 'c:/Users/antoi/Problematique_Xilix2/pb_logique_seq-vivado2021-h2025/pb_logique_seq.gen/sources_1/bd/design_1/ip/design_1_calcul_param_3_0_0/design_1_calcul_param_3_0_0.dcp'. Please regenerate to continue.
WARNING: [IP_Flow 19-3664] IP 'design_1_calcul_param_3_0_0' generated file not found 'c:/Users/antoi/Problematique_Xilix2/pb_logique_seq-vivado2021-h2025/pb_logique_seq.gen/sources_1/bd/design_1/ip/design_1_calcul_param_3_0_0/design_1_calcul_param_3_0_0_stub.v'. Please regenerate to continue.
WARNING: [IP_Flow 19-3664] IP 'design_1_calcul_param_3_0_0' generated file not found 'c:/Users/antoi/Problematique_Xilix2/pb_logique_seq-vivado2021-h2025/pb_logique_seq.gen/sources_1/bd/design_1/ip/design_1_calcul_param_3_0_0/design_1_calcul_param_3_0_0_stub.vhdl'. Please regenerate to continue.
WARNING: [IP_Flow 19-3664] IP 'design_1_calcul_param_3_0_0' generated file not found 'c:/Users/antoi/Problematique_Xilix2/pb_logique_seq-vivado2021-h2025/pb_logique_seq.gen/sources_1/bd/design_1/ip/design_1_calcul_param_3_0_0/design_1_calcul_param_3_0_0_sim_netlist.v'. Please regenerate to continue.
WARNING: [IP_Flow 19-3664] IP 'design_1_calcul_param_3_0_0' generated file not found 'c:/Users/antoi/Problematique_Xilix2/pb_logique_seq-vivado2021-h2025/pb_logique_seq.gen/sources_1/bd/design_1/ip/design_1_calcul_param_3_0_0/design_1_calcul_param_3_0_0_sim_netlist.vhdl'. Please regenerate to continue.
WARNING: [IP_Flow 19-3664] IP 'design_1_mux4_0_0' generated file not found 'c:/Users/antoi/Problematique_Xilix2/pb_logique_seq-vivado2021-h2025/pb_logique_seq.gen/sources_1/bd/design_1/ip/design_1_mux4_0_0/design_1_mux4_0_0.dcp'. Please regenerate to continue.
WARNING: [IP_Flow 19-3664] IP 'design_1_mux4_0_0' generated file not found 'c:/Users/antoi/Problematique_Xilix2/pb_logique_seq-vivado2021-h2025/pb_logique_seq.gen/sources_1/bd/design_1/ip/design_1_mux4_0_0/design_1_mux4_0_0_stub.v'. Please regenerate to continue.
WARNING: [IP_Flow 19-3664] IP 'design_1_mux4_0_0' generated file not found 'c:/Users/antoi/Problematique_Xilix2/pb_logique_seq-vivado2021-h2025/pb_logique_seq.gen/sources_1/bd/design_1/ip/design_1_mux4_0_0/design_1_mux4_0_0_stub.vhdl'. Please regenerate to continue.
WARNING: [IP_Flow 19-3664] IP 'design_1_mux4_0_0' generated file not found 'c:/Users/antoi/Problematique_Xilix2/pb_logique_seq-vivado2021-h2025/pb_logique_seq.gen/sources_1/bd/design_1/ip/design_1_mux4_0_0/design_1_mux4_0_0_sim_netlist.v'. Please regenerate to continue.
WARNING: [IP_Flow 19-3664] IP 'design_1_mux4_0_0' generated file not found 'c:/Users/antoi/Problematique_Xilix2/pb_logique_seq-vivado2021-h2025/pb_logique_seq.gen/sources_1/bd/design_1/ip/design_1_mux4_0_0/design_1_mux4_0_0_sim_netlist.vhdl'. Please regenerate to continue.
WARNING: [IP_Flow 19-3664] IP 'design_1_mux4_0_1' generated file not found 'c:/Users/antoi/Problematique_Xilix2/pb_logique_seq-vivado2021-h2025/pb_logique_seq.gen/sources_1/bd/design_1/ip/design_1_mux4_0_1/design_1_mux4_0_1.dcp'. Please regenerate to continue.
WARNING: [IP_Flow 19-3664] IP 'design_1_mux4_0_1' generated file not found 'c:/Users/antoi/Problematique_Xilix2/pb_logique_seq-vivado2021-h2025/pb_logique_seq.gen/sources_1/bd/design_1/ip/design_1_mux4_0_1/design_1_mux4_0_1_stub.v'. Please regenerate to continue.
WARNING: [IP_Flow 19-3664] IP 'design_1_mux4_0_1' generated file not found 'c:/Users/antoi/Problematique_Xilix2/pb_logique_seq-vivado2021-h2025/pb_logique_seq.gen/sources_1/bd/design_1/ip/design_1_mux4_0_1/design_1_mux4_0_1_stub.vhdl'. Please regenerate to continue.
WARNING: [IP_Flow 19-3664] IP 'design_1_mux4_0_1' generated file not found 'c:/Users/antoi/Problematique_Xilix2/pb_logique_seq-vivado2021-h2025/pb_logique_seq.gen/sources_1/bd/design_1/ip/design_1_mux4_0_1/design_1_mux4_0_1_sim_netlist.v'. Please regenerate to continue.
WARNING: [IP_Flow 19-3664] IP 'design_1_mux4_0_1' generated file not found 'c:/Users/antoi/Problematique_Xilix2/pb_logique_seq-vivado2021-h2025/pb_logique_seq.gen/sources_1/bd/design_1/ip/design_1_mux4_0_1/design_1_mux4_0_1_sim_netlist.vhdl'. Please regenerate to continue.
WARNING: [IP_Flow 19-3664] IP 'design_1_sig_fct_sat_dure_0_1' generated file not found 'c:/Users/antoi/Problematique_Xilix2/pb_logique_seq-vivado2021-h2025/pb_logique_seq.gen/sources_1/bd/design_1/ip/design_1_sig_fct_sat_dure_0_1/design_1_sig_fct_sat_dure_0_1.dcp'. Please regenerate to continue.
WARNING: [IP_Flow 19-3664] IP 'design_1_sig_fct_sat_dure_0_1' generated file not found 'c:/Users/antoi/Problematique_Xilix2/pb_logique_seq-vivado2021-h2025/pb_logique_seq.gen/sources_1/bd/design_1/ip/design_1_sig_fct_sat_dure_0_1/design_1_sig_fct_sat_dure_0_1_stub.v'. Please regenerate to continue.
WARNING: [IP_Flow 19-3664] IP 'design_1_sig_fct_sat_dure_0_1' generated file not found 'c:/Users/antoi/Problematique_Xilix2/pb_logique_seq-vivado2021-h2025/pb_logique_seq.gen/sources_1/bd/design_1/ip/design_1_sig_fct_sat_dure_0_1/design_1_sig_fct_sat_dure_0_1_stub.vhdl'. Please regenerate to continue.
WARNING: [IP_Flow 19-3664] IP 'design_1_sig_fct_sat_dure_0_1' generated file not found 'c:/Users/antoi/Problematique_Xilix2/pb_logique_seq-vivado2021-h2025/pb_logique_seq.gen/sources_1/bd/design_1/ip/design_1_sig_fct_sat_dure_0_1/design_1_sig_fct_sat_dure_0_1_sim_netlist.v'. Please regenerate to continue.
WARNING: [IP_Flow 19-3664] IP 'design_1_sig_fct_sat_dure_0_1' generated file not found 'c:/Users/antoi/Problematique_Xilix2/pb_logique_seq-vivado2021-h2025/pb_logique_seq.gen/sources_1/bd/design_1/ip/design_1_sig_fct_sat_dure_0_1/design_1_sig_fct_sat_dure_0_1_sim_netlist.vhdl'. Please regenerate to continue.
INFO: [Coretcl 2-1211] Creating project copy for archival...
WARNING: [IP_Flow 19-3571] IP 'design_1_calcul_param_1_0_0' is restricted:
* Detected changes to module reference file(s).
WARNING: [IP_Flow 19-3571] IP 'design_1_calcul_param_2_0_0' is restricted:
* Detected changes to module reference file(s).
WARNING: [IP_Flow 19-3571] IP 'design_1_compteur_nbits_0_1' is restricted:
* Module reference is stale and needs refreshing.
WARNING: [IP_Flow 19-3571] IP 'design_1_mux4_0_1' is restricted:
* Module reference is stale and needs refreshing.
WARNING: [IP_Flow 19-3571] IP 'design_1_reg_24b_0_1' is restricted:
* Module reference is stale and needs refreshing.
WARNING: [IP_Flow 19-3571] IP 'design_1_sig_fct_sat_dure_0_1' is restricted:
* Module reference is stale and needs refreshing.
CRITICAL WARNING: [IP_Flow 19-4299] Failed to copy 'c:/Users/antoi/Problematique_Xilix2/pb_logique_seq-vivado2021-h2025/pb_logique_seq.gen/sources_1/bd/design_1/ip/design_1_compteur_nbits_0_0/design_1_compteur_nbits_0_0.dcp' to 'c:/Users/antoi/AppData/Roaming/Xilinx/Vivado/.Xil/Vivado-13640-Antoine/PrjAr/_X_/pb_logique_seq.gen/sources_1/bd/design_1/ip/design_1_compteur_nbits_0_0/design_1_compteur_nbits_0_0.dcp'
CRITICAL WARNING: [IP_Flow 19-4299] Failed to copy 'c:/Users/antoi/Problematique_Xilix2/pb_logique_seq-vivado2021-h2025/pb_logique_seq.gen/sources_1/bd/design_1/ip/design_1_compteur_nbits_0_0/design_1_compteur_nbits_0_0_stub.v' to 'c:/Users/antoi/AppData/Roaming/Xilinx/Vivado/.Xil/Vivado-13640-Antoine/PrjAr/_X_/pb_logique_seq.gen/sources_1/bd/design_1/ip/design_1_compteur_nbits_0_0/design_1_compteur_nbits_0_0_stub.v'
CRITICAL WARNING: [IP_Flow 19-4299] Failed to copy 'c:/Users/antoi/Problematique_Xilix2/pb_logique_seq-vivado2021-h2025/pb_logique_seq.gen/sources_1/bd/design_1/ip/design_1_compteur_nbits_0_0/design_1_compteur_nbits_0_0_stub.vhdl' to 'c:/Users/antoi/AppData/Roaming/Xilinx/Vivado/.Xil/Vivado-13640-Antoine/PrjAr/_X_/pb_logique_seq.gen/sources_1/bd/design_1/ip/design_1_compteur_nbits_0_0/design_1_compteur_nbits_0_0_stub.vhdl'
CRITICAL WARNING: [IP_Flow 19-4299] Failed to copy 'c:/Users/antoi/Problematique_Xilix2/pb_logique_seq-vivado2021-h2025/pb_logique_seq.gen/sources_1/bd/design_1/ip/design_1_compteur_nbits_0_0/design_1_compteur_nbits_0_0_sim_netlist.v' to 'c:/Users/antoi/AppData/Roaming/Xilinx/Vivado/.Xil/Vivado-13640-Antoine/PrjAr/_X_/pb_logique_seq.gen/sources_1/bd/design_1/ip/design_1_compteur_nbits_0_0/design_1_compteur_nbits_0_0_sim_netlist.v'
CRITICAL WARNING: [IP_Flow 19-4299] Failed to copy 'c:/Users/antoi/Problematique_Xilix2/pb_logique_seq-vivado2021-h2025/pb_logique_seq.gen/sources_1/bd/design_1/ip/design_1_compteur_nbits_0_0/design_1_compteur_nbits_0_0_sim_netlist.vhdl' to 'c:/Users/antoi/AppData/Roaming/Xilinx/Vivado/.Xil/Vivado-13640-Antoine/PrjAr/_X_/pb_logique_seq.gen/sources_1/bd/design_1/ip/design_1_compteur_nbits_0_0/design_1_compteur_nbits_0_0_sim_netlist.vhdl'
CRITICAL WARNING: [IP_Flow 19-4299] Failed to copy 'c:/Users/antoi/Problematique_Xilix2/pb_logique_seq-vivado2021-h2025/pb_logique_seq.gen/sources_1/bd/design_1/ip/design_1_reg_24b_0_0/design_1_reg_24b_0_0.dcp' to 'c:/Users/antoi/AppData/Roaming/Xilinx/Vivado/.Xil/Vivado-13640-Antoine/PrjAr/_X_/pb_logique_seq.gen/sources_1/bd/design_1/ip/design_1_reg_24b_0_0/design_1_reg_24b_0_0.dcp'
CRITICAL WARNING: [IP_Flow 19-4299] Failed to copy 'c:/Users/antoi/Problematique_Xilix2/pb_logique_seq-vivado2021-h2025/pb_logique_seq.gen/sources_1/bd/design_1/ip/design_1_reg_24b_0_0/design_1_reg_24b_0_0_stub.v' to 'c:/Users/antoi/AppData/Roaming/Xilinx/Vivado/.Xil/Vivado-13640-Antoine/PrjAr/_X_/pb_logique_seq.gen/sources_1/bd/design_1/ip/design_1_reg_24b_0_0/design_1_reg_24b_0_0_stub.v'
CRITICAL WARNING: [IP_Flow 19-4299] Failed to copy 'c:/Users/antoi/Problematique_Xilix2/pb_logique_seq-vivado2021-h2025/pb_logique_seq.gen/sources_1/bd/design_1/ip/design_1_reg_24b_0_0/design_1_reg_24b_0_0_stub.vhdl' to 'c:/Users/antoi/AppData/Roaming/Xilinx/Vivado/.Xil/Vivado-13640-Antoine/PrjAr/_X_/pb_logique_seq.gen/sources_1/bd/design_1/ip/design_1_reg_24b_0_0/design_1_reg_24b_0_0_stub.vhdl'
CRITICAL WARNING: [IP_Flow 19-4299] Failed to copy 'c:/Users/antoi/Problematique_Xilix2/pb_logique_seq-vivado2021-h2025/pb_logique_seq.gen/sources_1/bd/design_1/ip/design_1_reg_24b_0_0/design_1_reg_24b_0_0_sim_netlist.v' to 'c:/Users/antoi/AppData/Roaming/Xilinx/Vivado/.Xil/Vivado-13640-Antoine/PrjAr/_X_/pb_logique_seq.gen/sources_1/bd/design_1/ip/design_1_reg_24b_0_0/design_1_reg_24b_0_0_sim_netlist.v'
CRITICAL WARNING: [IP_Flow 19-4299] Failed to copy 'c:/Users/antoi/Problematique_Xilix2/pb_logique_seq-vivado2021-h2025/pb_logique_seq.gen/sources_1/bd/design_1/ip/design_1_reg_24b_0_0/design_1_reg_24b_0_0_sim_netlist.vhdl' to 'c:/Users/antoi/AppData/Roaming/Xilinx/Vivado/.Xil/Vivado-13640-Antoine/PrjAr/_X_/pb_logique_seq.gen/sources_1/bd/design_1/ip/design_1_reg_24b_0_0/design_1_reg_24b_0_0_sim_netlist.vhdl'
CRITICAL WARNING: [IP_Flow 19-4299] Failed to copy 'c:/Users/antoi/Problematique_Xilix2/pb_logique_seq-vivado2021-h2025/pb_logique_seq.gen/sources_1/bd/design_1/ip/design_1_reg_24b_0_1/design_1_reg_24b_0_1.dcp' to 'c:/Users/antoi/AppData/Roaming/Xilinx/Vivado/.Xil/Vivado-13640-Antoine/PrjAr/_X_/pb_logique_seq.gen/sources_1/bd/design_1/ip/design_1_reg_24b_0_1/design_1_reg_24b_0_1.dcp'
CRITICAL WARNING: [IP_Flow 19-4299] Failed to copy 'c:/Users/antoi/Problematique_Xilix2/pb_logique_seq-vivado2021-h2025/pb_logique_seq.gen/sources_1/bd/design_1/ip/design_1_reg_24b_0_1/design_1_reg_24b_0_1_stub.v' to 'c:/Users/antoi/AppData/Roaming/Xilinx/Vivado/.Xil/Vivado-13640-Antoine/PrjAr/_X_/pb_logique_seq.gen/sources_1/bd/design_1/ip/design_1_reg_24b_0_1/design_1_reg_24b_0_1_stub.v'
CRITICAL WARNING: [IP_Flow 19-4299] Failed to copy 'c:/Users/antoi/Problematique_Xilix2/pb_logique_seq-vivado2021-h2025/pb_logique_seq.gen/sources_1/bd/design_1/ip/design_1_reg_24b_0_1/design_1_reg_24b_0_1_stub.vhdl' to 'c:/Users/antoi/AppData/Roaming/Xilinx/Vivado/.Xil/Vivado-13640-Antoine/PrjAr/_X_/pb_logique_seq.gen/sources_1/bd/design_1/ip/design_1_reg_24b_0_1/design_1_reg_24b_0_1_stub.vhdl'
CRITICAL WARNING: [IP_Flow 19-4299] Failed to copy 'c:/Users/antoi/Problematique_Xilix2/pb_logique_seq-vivado2021-h2025/pb_logique_seq.gen/sources_1/bd/design_1/ip/design_1_reg_24b_0_1/design_1_reg_24b_0_1_sim_netlist.v' to 'c:/Users/antoi/AppData/Roaming/Xilinx/Vivado/.Xil/Vivado-13640-Antoine/PrjAr/_X_/pb_logique_seq.gen/sources_1/bd/design_1/ip/design_1_reg_24b_0_1/design_1_reg_24b_0_1_sim_netlist.v'
CRITICAL WARNING: [IP_Flow 19-4299] Failed to copy 'c:/Users/antoi/Problematique_Xilix2/pb_logique_seq-vivado2021-h2025/pb_logique_seq.gen/sources_1/bd/design_1/ip/design_1_reg_24b_0_1/design_1_reg_24b_0_1_sim_netlist.vhdl' to 'c:/Users/antoi/AppData/Roaming/Xilinx/Vivado/.Xil/Vivado-13640-Antoine/PrjAr/_X_/pb_logique_seq.gen/sources_1/bd/design_1/ip/design_1_reg_24b_0_1/design_1_reg_24b_0_1_sim_netlist.vhdl'
WARNING: [IP_Flow 19-3571] IP 'design_1_mef_decod_i2s_v1b_0_0' is restricted:
* Detected changes to module reference file(s).
CRITICAL WARNING: [IP_Flow 19-4299] Failed to copy 'c:/Users/antoi/Problematique_Xilix2/pb_logique_seq-vivado2021-h2025/pb_logique_seq.gen/sources_1/bd/design_1/ip/design_1_mef_cod_i2s_vsb_0_0/design_1_mef_cod_i2s_vsb_0_0.dcp' to 'c:/Users/antoi/AppData/Roaming/Xilinx/Vivado/.Xil/Vivado-13640-Antoine/PrjAr/_X_/pb_logique_seq.gen/sources_1/bd/design_1/ip/design_1_mef_cod_i2s_vsb_0_0/design_1_mef_cod_i2s_vsb_0_0.dcp'
CRITICAL WARNING: [IP_Flow 19-4299] Failed to copy 'c:/Users/antoi/Problematique_Xilix2/pb_logique_seq-vivado2021-h2025/pb_logique_seq.gen/sources_1/bd/design_1/ip/design_1_mef_cod_i2s_vsb_0_0/design_1_mef_cod_i2s_vsb_0_0_stub.v' to 'c:/Users/antoi/AppData/Roaming/Xilinx/Vivado/.Xil/Vivado-13640-Antoine/PrjAr/_X_/pb_logique_seq.gen/sources_1/bd/design_1/ip/design_1_mef_cod_i2s_vsb_0_0/design_1_mef_cod_i2s_vsb_0_0_stub.v'
CRITICAL WARNING: [IP_Flow 19-4299] Failed to copy 'c:/Users/antoi/Problematique_Xilix2/pb_logique_seq-vivado2021-h2025/pb_logique_seq.gen/sources_1/bd/design_1/ip/design_1_mef_cod_i2s_vsb_0_0/design_1_mef_cod_i2s_vsb_0_0_stub.vhdl' to 'c:/Users/antoi/AppData/Roaming/Xilinx/Vivado/.Xil/Vivado-13640-Antoine/PrjAr/_X_/pb_logique_seq.gen/sources_1/bd/design_1/ip/design_1_mef_cod_i2s_vsb_0_0/design_1_mef_cod_i2s_vsb_0_0_stub.vhdl'
CRITICAL WARNING: [IP_Flow 19-4299] Failed to copy 'c:/Users/antoi/Problematique_Xilix2/pb_logique_seq-vivado2021-h2025/pb_logique_seq.gen/sources_1/bd/design_1/ip/design_1_mef_cod_i2s_vsb_0_0/design_1_mef_cod_i2s_vsb_0_0_sim_netlist.v' to 'c:/Users/antoi/AppData/Roaming/Xilinx/Vivado/.Xil/Vivado-13640-Antoine/PrjAr/_X_/pb_logique_seq.gen/sources_1/bd/design_1/ip/design_1_mef_cod_i2s_vsb_0_0/design_1_mef_cod_i2s_vsb_0_0_sim_netlist.v'
CRITICAL WARNING: [IP_Flow 19-4299] Failed to copy 'c:/Users/antoi/Problematique_Xilix2/pb_logique_seq-vivado2021-h2025/pb_logique_seq.gen/sources_1/bd/design_1/ip/design_1_mef_cod_i2s_vsb_0_0/design_1_mef_cod_i2s_vsb_0_0_sim_netlist.vhdl' to 'c:/Users/antoi/AppData/Roaming/Xilinx/Vivado/.Xil/Vivado-13640-Antoine/PrjAr/_X_/pb_logique_seq.gen/sources_1/bd/design_1/ip/design_1_mef_cod_i2s_vsb_0_0/design_1_mef_cod_i2s_vsb_0_0_sim_netlist.vhdl'
CRITICAL WARNING: [IP_Flow 19-4299] Failed to copy 'c:/Users/antoi/Problematique_Xilix2/pb_logique_seq-vivado2021-h2025/pb_logique_seq.gen/sources_1/bd/design_1/ip/design_1_reg_dec_24b_fd_0_0/design_1_reg_dec_24b_fd_0_0.dcp' to 'c:/Users/antoi/AppData/Roaming/Xilinx/Vivado/.Xil/Vivado-13640-Antoine/PrjAr/_X_/pb_logique_seq.gen/sources_1/bd/design_1/ip/design_1_reg_dec_24b_fd_0_0/design_1_reg_dec_24b_fd_0_0.dcp'
CRITICAL WARNING: [IP_Flow 19-4299] Failed to copy 'c:/Users/antoi/Problematique_Xilix2/pb_logique_seq-vivado2021-h2025/pb_logique_seq.gen/sources_1/bd/design_1/ip/design_1_reg_dec_24b_fd_0_0/design_1_reg_dec_24b_fd_0_0_stub.v' to 'c:/Users/antoi/AppData/Roaming/Xilinx/Vivado/.Xil/Vivado-13640-Antoine/PrjAr/_X_/pb_logique_seq.gen/sources_1/bd/design_1/ip/design_1_reg_dec_24b_fd_0_0/design_1_reg_dec_24b_fd_0_0_stub.v'
CRITICAL WARNING: [IP_Flow 19-4299] Failed to copy 'c:/Users/antoi/Problematique_Xilix2/pb_logique_seq-vivado2021-h2025/pb_logique_seq.gen/sources_1/bd/design_1/ip/design_1_reg_dec_24b_fd_0_0/design_1_reg_dec_24b_fd_0_0_stub.vhdl' to 'c:/Users/antoi/AppData/Roaming/Xilinx/Vivado/.Xil/Vivado-13640-Antoine/PrjAr/_X_/pb_logique_seq.gen/sources_1/bd/design_1/ip/design_1_reg_dec_24b_fd_0_0/design_1_reg_dec_24b_fd_0_0_stub.vhdl'
CRITICAL WARNING: [IP_Flow 19-4299] Failed to copy 'c:/Users/antoi/Problematique_Xilix2/pb_logique_seq-vivado2021-h2025/pb_logique_seq.gen/sources_1/bd/design_1/ip/design_1_reg_dec_24b_fd_0_0/design_1_reg_dec_24b_fd_0_0_sim_netlist.v' to 'c:/Users/antoi/AppData/Roaming/Xilinx/Vivado/.Xil/Vivado-13640-Antoine/PrjAr/_X_/pb_logique_seq.gen/sources_1/bd/design_1/ip/design_1_reg_dec_24b_fd_0_0/design_1_reg_dec_24b_fd_0_0_sim_netlist.v'
CRITICAL WARNING: [IP_Flow 19-4299] Failed to copy 'c:/Users/antoi/Problematique_Xilix2/pb_logique_seq-vivado2021-h2025/pb_logique_seq.gen/sources_1/bd/design_1/ip/design_1_reg_dec_24b_fd_0_0/design_1_reg_dec_24b_fd_0_0_sim_netlist.vhdl' to 'c:/Users/antoi/AppData/Roaming/Xilinx/Vivado/.Xil/Vivado-13640-Antoine/PrjAr/_X_/pb_logique_seq.gen/sources_1/bd/design_1/ip/design_1_reg_dec_24b_fd_0_0/design_1_reg_dec_24b_fd_0_0_sim_netlist.vhdl'
CRITICAL WARNING: [IP_Flow 19-4299] Failed to copy 'c:/Users/antoi/Problematique_Xilix2/pb_logique_seq-vivado2021-h2025/pb_logique_seq.gen/sources_1/bd/design_1/ip/design_1_util_vector_logic_0_0/design_1_util_vector_logic_0_0.dcp' to 'c:/Users/antoi/AppData/Roaming/Xilinx/Vivado/.Xil/Vivado-13640-Antoine/PrjAr/_X_/pb_logique_seq.gen/sources_1/bd/design_1/ip/design_1_util_vector_logic_0_0/design_1_util_vector_logic_0_0.dcp'
CRITICAL WARNING: [IP_Flow 19-4299] Failed to copy 'c:/Users/antoi/Problematique_Xilix2/pb_logique_seq-vivado2021-h2025/pb_logique_seq.gen/sources_1/bd/design_1/ip/design_1_util_vector_logic_0_0/design_1_util_vector_logic_0_0_stub.v' to 'c:/Users/antoi/AppData/Roaming/Xilinx/Vivado/.Xil/Vivado-13640-Antoine/PrjAr/_X_/pb_logique_seq.gen/sources_1/bd/design_1/ip/design_1_util_vector_logic_0_0/design_1_util_vector_logic_0_0_stub.v'
CRITICAL WARNING: [IP_Flow 19-4299] Failed to copy 'c:/Users/antoi/Problematique_Xilix2/pb_logique_seq-vivado2021-h2025/pb_logique_seq.gen/sources_1/bd/design_1/ip/design_1_util_vector_logic_0_0/design_1_util_vector_logic_0_0_stub.vhdl' to 'c:/Users/antoi/AppData/Roaming/Xilinx/Vivado/.Xil/Vivado-13640-Antoine/PrjAr/_X_/pb_logique_seq.gen/sources_1/bd/design_1/ip/design_1_util_vector_logic_0_0/design_1_util_vector_logic_0_0_stub.vhdl'
CRITICAL WARNING: [IP_Flow 19-4299] Failed to copy 'c:/Users/antoi/Problematique_Xilix2/pb_logique_seq-vivado2021-h2025/pb_logique_seq.gen/sources_1/bd/design_1/ip/design_1_util_vector_logic_0_0/design_1_util_vector_logic_0_0_sim_netlist.v' to 'c:/Users/antoi/AppData/Roaming/Xilinx/Vivado/.Xil/Vivado-13640-Antoine/PrjAr/_X_/pb_logique_seq.gen/sources_1/bd/design_1/ip/design_1_util_vector_logic_0_0/design_1_util_vector_logic_0_0_sim_netlist.v'
CRITICAL WARNING: [IP_Flow 19-4299] Failed to copy 'c:/Users/antoi/Problematique_Xilix2/pb_logique_seq-vivado2021-h2025/pb_logique_seq.gen/sources_1/bd/design_1/ip/design_1_util_vector_logic_0_0/design_1_util_vector_logic_0_0_sim_netlist.vhdl' to 'c:/Users/antoi/AppData/Roaming/Xilinx/Vivado/.Xil/Vivado-13640-Antoine/PrjAr/_X_/pb_logique_seq.gen/sources_1/bd/design_1/ip/design_1_util_vector_logic_0_0/design_1_util_vector_logic_0_0_sim_netlist.vhdl'
CRITICAL WARNING: [IP_Flow 19-4299] Failed to copy 'c:/Users/antoi/Problematique_Xilix2/pb_logique_seq-vivado2021-h2025/pb_logique_seq.gen/sources_1/bd/design_1/ip/design_1_affhexPmodSSD_v3_0_0/design_1_affhexPmodSSD_v3_0_0.dcp' to 'c:/Users/antoi/AppData/Roaming/Xilinx/Vivado/.Xil/Vivado-13640-Antoine/PrjAr/_X_/pb_logique_seq.gen/sources_1/bd/design_1/ip/design_1_affhexPmodSSD_v3_0_0/design_1_affhexPmodSSD_v3_0_0.dcp'
CRITICAL WARNING: [IP_Flow 19-4299] Failed to copy 'c:/Users/antoi/Problematique_Xilix2/pb_logique_seq-vivado2021-h2025/pb_logique_seq.gen/sources_1/bd/design_1/ip/design_1_affhexPmodSSD_v3_0_0/design_1_affhexPmodSSD_v3_0_0_stub.v' to 'c:/Users/antoi/AppData/Roaming/Xilinx/Vivado/.Xil/Vivado-13640-Antoine/PrjAr/_X_/pb_logique_seq.gen/sources_1/bd/design_1/ip/design_1_affhexPmodSSD_v3_0_0/design_1_affhexPmodSSD_v3_0_0_stub.v'
CRITICAL WARNING: [IP_Flow 19-4299] Failed to copy 'c:/Users/antoi/Problematique_Xilix2/pb_logique_seq-vivado2021-h2025/pb_logique_seq.gen/sources_1/bd/design_1/ip/design_1_affhexPmodSSD_v3_0_0/design_1_affhexPmodSSD_v3_0_0_stub.vhdl' to 'c:/Users/antoi/AppData/Roaming/Xilinx/Vivado/.Xil/Vivado-13640-Antoine/PrjAr/_X_/pb_logique_seq.gen/sources_1/bd/design_1/ip/design_1_affhexPmodSSD_v3_0_0/design_1_affhexPmodSSD_v3_0_0_stub.vhdl'
CRITICAL WARNING: [IP_Flow 19-4299] Failed to copy 'c:/Users/antoi/Problematique_Xilix2/pb_logique_seq-vivado2021-h2025/pb_logique_seq.gen/sources_1/bd/design_1/ip/design_1_affhexPmodSSD_v3_0_0/design_1_affhexPmodSSD_v3_0_0_sim_netlist.v' to 'c:/Users/antoi/AppData/Roaming/Xilinx/Vivado/.Xil/Vivado-13640-Antoine/PrjAr/_X_/pb_logique_seq.gen/sources_1/bd/design_1/ip/design_1_affhexPmodSSD_v3_0_0/design_1_affhexPmodSSD_v3_0_0_sim_netlist.v'
CRITICAL WARNING: [IP_Flow 19-4299] Failed to copy 'c:/Users/antoi/Problematique_Xilix2/pb_logique_seq-vivado2021-h2025/pb_logique_seq.gen/sources_1/bd/design_1/ip/design_1_affhexPmodSSD_v3_0_0/design_1_affhexPmodSSD_v3_0_0_sim_netlist.vhdl' to 'c:/Users/antoi/AppData/Roaming/Xilinx/Vivado/.Xil/Vivado-13640-Antoine/PrjAr/_X_/pb_logique_seq.gen/sources_1/bd/design_1/ip/design_1_affhexPmodSSD_v3_0_0/design_1_affhexPmodSSD_v3_0_0_sim_netlist.vhdl'
WARNING: [IP_Flow 19-3571] IP 'design_1_calcul_param_1_0_0' is restricted:
* Detected changes to module reference file(s).
WARNING: [IP_Flow 19-3571] IP 'design_1_calcul_param_2_0_0' is restricted:
* Detected changes to module reference file(s).
CRITICAL WARNING: [IP_Flow 19-4299] Failed to copy 'c:/Users/antoi/Problematique_Xilix2/pb_logique_seq-vivado2021-h2025/pb_logique_seq.gen/sources_1/bd/design_1/ip/design_1_calcul_param_3_0_0/design_1_calcul_param_3_0_0.dcp' to 'c:/Users/antoi/AppData/Roaming/Xilinx/Vivado/.Xil/Vivado-13640-Antoine/PrjAr/_X_/pb_logique_seq.gen/sources_1/bd/design_1/ip/design_1_calcul_param_3_0_0/design_1_calcul_param_3_0_0.dcp'
CRITICAL WARNING: [IP_Flow 19-4299] Failed to copy 'c:/Users/antoi/Problematique_Xilix2/pb_logique_seq-vivado2021-h2025/pb_logique_seq.gen/sources_1/bd/design_1/ip/design_1_calcul_param_3_0_0/design_1_calcul_param_3_0_0_stub.v' to 'c:/Users/antoi/AppData/Roaming/Xilinx/Vivado/.Xil/Vivado-13640-Antoine/PrjAr/_X_/pb_logique_seq.gen/sources_1/bd/design_1/ip/design_1_calcul_param_3_0_0/design_1_calcul_param_3_0_0_stub.v'
CRITICAL WARNING: [IP_Flow 19-4299] Failed to copy 'c:/Users/antoi/Problematique_Xilix2/pb_logique_seq-vivado2021-h2025/pb_logique_seq.gen/sources_1/bd/design_1/ip/design_1_calcul_param_3_0_0/design_1_calcul_param_3_0_0_stub.vhdl' to 'c:/Users/antoi/AppData/Roaming/Xilinx/Vivado/.Xil/Vivado-13640-Antoine/PrjAr/_X_/pb_logique_seq.gen/sources_1/bd/design_1/ip/design_1_calcul_param_3_0_0/design_1_calcul_param_3_0_0_stub.vhdl'
CRITICAL WARNING: [IP_Flow 19-4299] Failed to copy 'c:/Users/antoi/Problematique_Xilix2/pb_logique_seq-vivado2021-h2025/pb_logique_seq.gen/sources_1/bd/design_1/ip/design_1_calcul_param_3_0_0/design_1_calcul_param_3_0_0_sim_netlist.v' to 'c:/Users/antoi/AppData/Roaming/Xilinx/Vivado/.Xil/Vivado-13640-Antoine/PrjAr/_X_/pb_logique_seq.gen/sources_1/bd/design_1/ip/design_1_calcul_param_3_0_0/design_1_calcul_param_3_0_0_sim_netlist.v'
CRITICAL WARNING: [IP_Flow 19-4299] Failed to copy 'c:/Users/antoi/Problematique_Xilix2/pb_logique_seq-vivado2021-h2025/pb_logique_seq.gen/sources_1/bd/design_1/ip/design_1_calcul_param_3_0_0/design_1_calcul_param_3_0_0_sim_netlist.vhdl' to 'c:/Users/antoi/AppData/Roaming/Xilinx/Vivado/.Xil/Vivado-13640-Antoine/PrjAr/_X_/pb_logique_seq.gen/sources_1/bd/design_1/ip/design_1_calcul_param_3_0_0/design_1_calcul_param_3_0_0_sim_netlist.vhdl'
CRITICAL WARNING: [IP_Flow 19-4299] Failed to copy 'c:/Users/antoi/Problematique_Xilix2/pb_logique_seq-vivado2021-h2025/pb_logique_seq.gen/sources_1/bd/design_1/ip/design_1_mux4_0_0/design_1_mux4_0_0.dcp' to 'c:/Users/antoi/AppData/Roaming/Xilinx/Vivado/.Xil/Vivado-13640-Antoine/PrjAr/_X_/pb_logique_seq.gen/sources_1/bd/design_1/ip/design_1_mux4_0_0/design_1_mux4_0_0.dcp'
CRITICAL WARNING: [IP_Flow 19-4299] Failed to copy 'c:/Users/antoi/Problematique_Xilix2/pb_logique_seq-vivado2021-h2025/pb_logique_seq.gen/sources_1/bd/design_1/ip/design_1_mux4_0_0/design_1_mux4_0_0_stub.v' to 'c:/Users/antoi/AppData/Roaming/Xilinx/Vivado/.Xil/Vivado-13640-Antoine/PrjAr/_X_/pb_logique_seq.gen/sources_1/bd/design_1/ip/design_1_mux4_0_0/design_1_mux4_0_0_stub.v'
CRITICAL WARNING: [IP_Flow 19-4299] Failed to copy 'c:/Users/antoi/Problematique_Xilix2/pb_logique_seq-vivado2021-h2025/pb_logique_seq.gen/sources_1/bd/design_1/ip/design_1_mux4_0_0/design_1_mux4_0_0_stub.vhdl' to 'c:/Users/antoi/AppData/Roaming/Xilinx/Vivado/.Xil/Vivado-13640-Antoine/PrjAr/_X_/pb_logique_seq.gen/sources_1/bd/design_1/ip/design_1_mux4_0_0/design_1_mux4_0_0_stub.vhdl'
CRITICAL WARNING: [IP_Flow 19-4299] Failed to copy 'c:/Users/antoi/Problematique_Xilix2/pb_logique_seq-vivado2021-h2025/pb_logique_seq.gen/sources_1/bd/design_1/ip/design_1_mux4_0_0/design_1_mux4_0_0_sim_netlist.v' to 'c:/Users/antoi/AppData/Roaming/Xilinx/Vivado/.Xil/Vivado-13640-Antoine/PrjAr/_X_/pb_logique_seq.gen/sources_1/bd/design_1/ip/design_1_mux4_0_0/design_1_mux4_0_0_sim_netlist.v'
CRITICAL WARNING: [IP_Flow 19-4299] Failed to copy 'c:/Users/antoi/Problematique_Xilix2/pb_logique_seq-vivado2021-h2025/pb_logique_seq.gen/sources_1/bd/design_1/ip/design_1_mux4_0_0/design_1_mux4_0_0_sim_netlist.vhdl' to 'c:/Users/antoi/AppData/Roaming/Xilinx/Vivado/.Xil/Vivado-13640-Antoine/PrjAr/_X_/pb_logique_seq.gen/sources_1/bd/design_1/ip/design_1_mux4_0_0/design_1_mux4_0_0_sim_netlist.vhdl'
CRITICAL WARNING: [IP_Flow 19-4299] Failed to copy 'c:/Users/antoi/Problematique_Xilix2/pb_logique_seq-vivado2021-h2025/pb_logique_seq.gen/sources_1/bd/design_1/ip/design_1_mux4_0_1/design_1_mux4_0_1.dcp' to 'c:/Users/antoi/AppData/Roaming/Xilinx/Vivado/.Xil/Vivado-13640-Antoine/PrjAr/_X_/pb_logique_seq.gen/sources_1/bd/design_1/ip/design_1_mux4_0_1/design_1_mux4_0_1.dcp'
CRITICAL WARNING: [IP_Flow 19-4299] Failed to copy 'c:/Users/antoi/Problematique_Xilix2/pb_logique_seq-vivado2021-h2025/pb_logique_seq.gen/sources_1/bd/design_1/ip/design_1_mux4_0_1/design_1_mux4_0_1_stub.v' to 'c:/Users/antoi/AppData/Roaming/Xilinx/Vivado/.Xil/Vivado-13640-Antoine/PrjAr/_X_/pb_logique_seq.gen/sources_1/bd/design_1/ip/design_1_mux4_0_1/design_1_mux4_0_1_stub.v'
CRITICAL WARNING: [IP_Flow 19-4299] Failed to copy 'c:/Users/antoi/Problematique_Xilix2/pb_logique_seq-vivado2021-h2025/pb_logique_seq.gen/sources_1/bd/design_1/ip/design_1_mux4_0_1/design_1_mux4_0_1_stub.vhdl' to 'c:/Users/antoi/AppData/Roaming/Xilinx/Vivado/.Xil/Vivado-13640-Antoine/PrjAr/_X_/pb_logique_seq.gen/sources_1/bd/design_1/ip/design_1_mux4_0_1/design_1_mux4_0_1_stub.vhdl'
CRITICAL WARNING: [IP_Flow 19-4299] Failed to copy 'c:/Users/antoi/Problematique_Xilix2/pb_logique_seq-vivado2021-h2025/pb_logique_seq.gen/sources_1/bd/design_1/ip/design_1_mux4_0_1/design_1_mux4_0_1_sim_netlist.v' to 'c:/Users/antoi/AppData/Roaming/Xilinx/Vivado/.Xil/Vivado-13640-Antoine/PrjAr/_X_/pb_logique_seq.gen/sources_1/bd/design_1/ip/design_1_mux4_0_1/design_1_mux4_0_1_sim_netlist.v'
CRITICAL WARNING: [IP_Flow 19-4299] Failed to copy 'c:/Users/antoi/Problematique_Xilix2/pb_logique_seq-vivado2021-h2025/pb_logique_seq.gen/sources_1/bd/design_1/ip/design_1_mux4_0_1/design_1_mux4_0_1_sim_netlist.vhdl' to 'c:/Users/antoi/AppData/Roaming/Xilinx/Vivado/.Xil/Vivado-13640-Antoine/PrjAr/_X_/pb_logique_seq.gen/sources_1/bd/design_1/ip/design_1_mux4_0_1/design_1_mux4_0_1_sim_netlist.vhdl'
CRITICAL WARNING: [IP_Flow 19-4299] Failed to copy 'c:/Users/antoi/Problematique_Xilix2/pb_logique_seq-vivado2021-h2025/pb_logique_seq.gen/sources_1/bd/design_1/ip/design_1_sig_fct_sat_dure_0_1/design_1_sig_fct_sat_dure_0_1.dcp' to 'c:/Users/antoi/AppData/Roaming/Xilinx/Vivado/.Xil/Vivado-13640-Antoine/PrjAr/_X_/pb_logique_seq.gen/sources_1/bd/design_1/ip/design_1_sig_fct_sat_dure_0_1/design_1_sig_fct_sat_dure_0_1.dcp'
CRITICAL WARNING: [IP_Flow 19-4299] Failed to copy 'c:/Users/antoi/Problematique_Xilix2/pb_logique_seq-vivado2021-h2025/pb_logique_seq.gen/sources_1/bd/design_1/ip/design_1_sig_fct_sat_dure_0_1/design_1_sig_fct_sat_dure_0_1_stub.v' to 'c:/Users/antoi/AppData/Roaming/Xilinx/Vivado/.Xil/Vivado-13640-Antoine/PrjAr/_X_/pb_logique_seq.gen/sources_1/bd/design_1/ip/design_1_sig_fct_sat_dure_0_1/design_1_sig_fct_sat_dure_0_1_stub.v'
CRITICAL WARNING: [IP_Flow 19-4299] Failed to copy 'c:/Users/antoi/Problematique_Xilix2/pb_logique_seq-vivado2021-h2025/pb_logique_seq.gen/sources_1/bd/design_1/ip/design_1_sig_fct_sat_dure_0_1/design_1_sig_fct_sat_dure_0_1_stub.vhdl' to 'c:/Users/antoi/AppData/Roaming/Xilinx/Vivado/.Xil/Vivado-13640-Antoine/PrjAr/_X_/pb_logique_seq.gen/sources_1/bd/design_1/ip/design_1_sig_fct_sat_dure_0_1/design_1_sig_fct_sat_dure_0_1_stub.vhdl'
CRITICAL WARNING: [IP_Flow 19-4299] Failed to copy 'c:/Users/antoi/Problematique_Xilix2/pb_logique_seq-vivado2021-h2025/pb_logique_seq.gen/sources_1/bd/design_1/ip/design_1_sig_fct_sat_dure_0_1/design_1_sig_fct_sat_dure_0_1_sim_netlist.v' to 'c:/Users/antoi/AppData/Roaming/Xilinx/Vivado/.Xil/Vivado-13640-Antoine/PrjAr/_X_/pb_logique_seq.gen/sources_1/bd/design_1/ip/design_1_sig_fct_sat_dure_0_1/design_1_sig_fct_sat_dure_0_1_sim_netlist.v'
CRITICAL WARNING: [IP_Flow 19-4299] Failed to copy 'c:/Users/antoi/Problematique_Xilix2/pb_logique_seq-vivado2021-h2025/pb_logique_seq.gen/sources_1/bd/design_1/ip/design_1_sig_fct_sat_dure_0_1/design_1_sig_fct_sat_dure_0_1_sim_netlist.vhdl' to 'c:/Users/antoi/AppData/Roaming/Xilinx/Vivado/.Xil/Vivado-13640-Antoine/PrjAr/_X_/pb_logique_seq.gen/sources_1/bd/design_1/ip/design_1_sig_fct_sat_dure_0_1/design_1_sig_fct_sat_dure_0_1_sim_netlist.vhdl'
INFO: [IP_Flow 19-5107] Inferred bus interface 'reset' of definition 'xilinx.com:signal:reset:1.0' (from Xilinx Repository).
INFO: [IP_Flow 19-5107] Inferred bus interface 'clk' of definition 'xilinx.com:signal:clock:1.0' (from Xilinx Repository).
INFO: [IP_Flow 19-4728] Bus Interface 'clk': Added interface parameter 'ASSOCIATED_RESET' with value 'reset'.
WARNING: [IP_Flow 19-5661] Bus Interface 'clk' does not have any bus interfaces associated with it.
INFO: [IP_Flow 19-234] Refreshing IP repositories
INFO: [IP_Flow 19-1704] No user IP repositories specified
INFO: [IP_Flow 19-5107] Inferred bus interface 'i_reset' of definition 'xilinx.com:signal:reset:1.0' (from Xilinx Repository).
INFO: [IP_Flow 19-234] Refreshing IP repositories
INFO: [IP_Flow 19-1704] No user IP repositories specified
INFO: [IP_Flow 19-5107] Inferred bus interface 'i_reset' of definition 'xilinx.com:signal:reset:1.0' (from Xilinx Repository).
INFO: [IP_Flow 19-234] Refreshing IP repositories
INFO: [IP_Flow 19-1704] No user IP repositories specified
INFO: [IP_Flow 19-5107] Inferred bus interface 'i_reset' of definition 'xilinx.com:signal:reset:1.0' (from Xilinx Repository).
INFO: [IP_Flow 19-234] Refreshing IP repositories
INFO: [IP_Flow 19-1704] No user IP repositories specified
INFO: [IP_Flow 19-5107] Inferred bus interface 'reset' of definition 'xilinx.com:signal:reset:1.0' (from Xilinx Repository).
INFO: [IP_Flow 19-5107] Inferred bus interface 'clk' of definition 'xilinx.com:signal:clock:1.0' (from Xilinx Repository).
INFO: [IP_Flow 19-4728] Bus Interface 'clk': Added interface parameter 'ASSOCIATED_RESET' with value 'reset'.
WARNING: [IP_Flow 19-5661] Bus Interface 'clk' does not have any bus interfaces associated with it.
INFO: [IP_Flow 19-234] Refreshing IP repositories
INFO: [IP_Flow 19-1704] No user IP repositories specified
INFO: [IP_Flow 19-5107] Inferred bus interface 'reset' of definition 'xilinx.com:signal:reset:1.0' (from Xilinx Repository).
INFO: [IP_Flow 19-5107] Inferred bus interface 'clk' of definition 'xilinx.com:signal:clock:1.0' (from Xilinx Repository).
INFO: [IP_Flow 19-4728] Bus Interface 'clk': Added interface parameter 'ASSOCIATED_RESET' with value 'reset'.
WARNING: [IP_Flow 19-5661] Bus Interface 'clk' does not have any bus interfaces associated with it.
INFO: [IP_Flow 19-234] Refreshing IP repositories
INFO: [IP_Flow 19-1704] No user IP repositories specified
INFO: [IP_Flow 19-5107] Inferred bus interface 'i_reset' of definition 'xilinx.com:signal:reset:1.0' (from Xilinx Repository).
INFO: [IP_Flow 19-5107] Inferred bus interface 'o_cpt_bit_reset' of definition 'xilinx.com:signal:reset:1.0' (from Xilinx Repository).
INFO: [IP_Flow 19-234] Refreshing IP repositories
INFO: [IP_Flow 19-1704] No user IP repositories specified
INFO: [IP_Flow 19-5107] Inferred bus interface 'i_reset' of definition 'xilinx.com:signal:reset:1.0' (from Xilinx Repository).
INFO: [IP_Flow 19-5107] Inferred bus interface 'o_cpt_bit_reset' of definition 'xilinx.com:signal:reset:1.0' (from Xilinx Repository).
INFO: [IP_Flow 19-234] Refreshing IP repositories
INFO: [IP_Flow 19-1704] No user IP repositories specified
INFO: [IP_Flow 19-5107] Inferred bus interface 'o_reset' of definition 'xilinx.com:signal:reset:1.0' (from Xilinx Repository).
INFO: [IP_Flow 19-5107] Inferred bus interface 'clk' of definition 'xilinx.com:signal:clock:1.0' (from Xilinx Repository).
WARNING: [IP_Flow 19-5661] Bus Interface 'clk' does not have any bus interfaces associated with it.
INFO: [IP_Flow 19-234] Refreshing IP repositories
INFO: [IP_Flow 19-1704] No user IP repositories specified
INFO: [IP_Flow 19-234] Refreshing IP repositories
INFO: [IP_Flow 19-1704] No user IP repositories specified
INFO: [IP_Flow 19-234] Refreshing IP repositories
INFO: [IP_Flow 19-1704] No user IP repositories specified
INFO: [IP_Flow 19-234] Refreshing IP repositories
INFO: [IP_Flow 19-1704] No user IP repositories specified
INFO: [IP_Flow 19-5107] Inferred bus interface 'i_reset' of definition 'xilinx.com:signal:reset:1.0' (from Xilinx Repository).
INFO: [IP_Flow 19-5107] Inferred bus interface 'i_clk' of definition 'xilinx.com:signal:clock:1.0' (from Xilinx Repository).
INFO: [IP_Flow 19-4728] Bus Interface 'i_clk': Added interface parameter 'ASSOCIATED_RESET' with value 'i_reset'.
WARNING: [IP_Flow 19-5661] Bus Interface 'i_clk' does not have any bus interfaces associated with it.
INFO: [IP_Flow 19-234] Refreshing IP repositories
INFO: [IP_Flow 19-1704] No user IP repositories specified
INFO: [IP_Flow 19-5107] Inferred bus interface 'i_reset' of definition 'xilinx.com:signal:reset:1.0' (from Xilinx Repository).
INFO: [IP_Flow 19-5107] Inferred bus interface 'i_clk' of definition 'xilinx.com:signal:clock:1.0' (from Xilinx Repository).
INFO: [IP_Flow 19-4728] Bus Interface 'i_clk': Added interface parameter 'ASSOCIATED_RESET' with value 'i_reset'.
WARNING: [IP_Flow 19-5661] Bus Interface 'i_clk' does not have any bus interfaces associated with it.
INFO: [IP_Flow 19-234] Refreshing IP repositories
INFO: [IP_Flow 19-1704] No user IP repositories specified
INFO: [IP_Flow 19-5107] Inferred bus interface 'i_reset' of definition 'xilinx.com:signal:reset:1.0' (from Xilinx Repository).
INFO: [IP_Flow 19-5107] Inferred bus interface 'i_clk' of definition 'xilinx.com:signal:clock:1.0' (from Xilinx Repository).
INFO: [IP_Flow 19-4728] Bus Interface 'i_clk': Added interface parameter 'ASSOCIATED_RESET' with value 'i_reset'.
WARNING: [IP_Flow 19-5661] Bus Interface 'i_clk' does not have any bus interfaces associated with it.
INFO: [IP_Flow 19-234] Refreshing IP repositories
INFO: [IP_Flow 19-1704] No user IP repositories specified
INFO: [IP_Flow 19-5107] Inferred bus interface 'i_reset' of definition 'xilinx.com:signal:reset:1.0' (from Xilinx Repository).
INFO: [IP_Flow 19-5107] Inferred bus interface 'i_clk' of definition 'xilinx.com:signal:clock:1.0' (from Xilinx Repository).
INFO: [IP_Flow 19-4728] Bus Interface 'i_clk': Added interface parameter 'ASSOCIATED_RESET' with value 'i_reset'.
WARNING: [IP_Flow 19-5661] Bus Interface 'i_clk' does not have any bus interfaces associated with it.
INFO: [IP_Flow 19-234] Refreshing IP repositories
INFO: [IP_Flow 19-1704] No user IP repositories specified
INFO: [IP_Flow 19-234] Refreshing IP repositories
INFO: [IP_Flow 19-1704] No user IP repositories specified
INFO: [IP_Flow 19-234] Refreshing IP repositories
INFO: [IP_Flow 19-1704] No user IP repositories specified
INFO: [IP_Flow 19-234] Refreshing IP repositories
INFO: [IP_Flow 19-1704] No user IP repositories specified
INFO: [Coretcl 2-1213] Including run results for 'synth_1'
INFO: [Coretcl 2-1213] Including run results for 'design_1_reg_dec_24b_0_0_synth_1'
INFO: [Coretcl 2-1213] Including run results for 'design_1_compteur_nbits_0_1_synth_1'
INFO: [Coretcl 2-1213] Including run results for 'design_1_calcul_param_1_0_0_synth_1'
INFO: [Coretcl 2-1213] Including run results for 'design_1_calcul_param_2_0_0_synth_1'
INFO: [Coretcl 2-1213] Including run results for 'design_1_mux4_0_0_synth_1'
INFO: [Coretcl 2-1213] Including run results for 'design_1_mux4_0_1_synth_1'
INFO: [Coretcl 2-1213] Including run results for 'design_1_mef_cod_i2s_vsb_0_0_synth_1'
INFO: [Coretcl 2-1213] Including run results for 'design_1_util_vector_logic_0_0_synth_1'
INFO: [Coretcl 2-1213] Including run results for 'design_1_calcul_param_3_0_0_synth_1'
INFO: [Coretcl 2-1213] Including run results for 'design_1_reg_dec_24b_fd_0_0_synth_1'
INFO: [Coretcl 2-1213] Including run results for 'design_1_sig_fct_3_0_0_synth_1'
INFO: [Coretcl 2-1213] Including run results for 'design_1_mux2_0_0_synth_1'
INFO: [Coretcl 2-1213] Including run results for 'design_1_affhexPmodSSD_v3_0_0_synth_1'
INFO: [Coretcl 2-1213] Including run results for 'design_1_sig_fct_sat_dure_0_1_synth_1'
INFO: [Coretcl 2-1213] Including run results for 'design_1_sig_fct_sat_dure_0_0_synth_1'
INFO: [Coretcl 2-1213] Including run results for 'design_1_compteur_nbits_0_0_synth_1'
INFO: [Coretcl 2-1213] Including run results for 'design_1_reg_24b_0_0_synth_1'
INFO: [Coretcl 2-1213] Including run results for 'design_1_reg_24b_0_1_synth_1'
INFO: [Coretcl 2-1213] Including run results for 'impl_1'
INFO: [Coretcl 2-133] re-setting run 'design_1_reg_dec_24b_0_0_impl_1'...
INFO: [Coretcl 2-133] re-setting run 'design_1_compteur_nbits_0_1_impl_1'...
INFO: [Coretcl 2-133] re-setting run 'design_1_calcul_param_1_0_0_impl_1'...
INFO: [Coretcl 2-133] re-setting run 'design_1_calcul_param_2_0_0_impl_1'...
INFO: [Coretcl 2-133] re-setting run 'design_1_mux4_0_0_impl_1'...
INFO: [Coretcl 2-133] re-setting run 'design_1_mux4_0_1_impl_1'...
INFO: [Coretcl 2-133] re-setting run 'design_1_mef_cod_i2s_vsb_0_0_impl_1'...
INFO: [Coretcl 2-133] re-setting run 'design_1_util_vector_logic_0_0_impl_1'...
INFO: [Coretcl 2-133] re-setting run 'design_1_calcul_param_3_0_0_impl_1'...
INFO: [Coretcl 2-133] re-setting run 'design_1_reg_dec_24b_fd_0_0_impl_1'...
INFO: [Coretcl 2-133] re-setting run 'design_1_sig_fct_3_0_0_impl_1'...
INFO: [Coretcl 2-133] re-setting run 'design_1_mux2_0_0_impl_1'...
INFO: [Coretcl 2-133] re-setting run 'design_1_affhexPmodSSD_v3_0_0_impl_1'...
INFO: [Coretcl 2-133] re-setting run 'design_1_sig_fct_sat_dure_0_1_impl_1'...
INFO: [Coretcl 2-133] re-setting run 'design_1_sig_fct_sat_dure_0_0_impl_1'...
INFO: [Coretcl 2-133] re-setting run 'design_1_compteur_nbits_0_0_impl_1'...
INFO: [Coretcl 2-133] re-setting run 'design_1_reg_24b_0_0_impl_1'...
INFO: [Coretcl 2-133] re-setting run 'design_1_reg_24b_0_1_impl_1'...
INFO: [Coretcl 2-1212] Importing remotely added design sources and verilog include files (if any)...
INFO: [filemgmt 20-334] All file(s) are already imported in fileset: 'design_1_affhexPmodSSD_v3_0_0'
INFO: [filemgmt 20-348] Importing the appropriate files for fileset: 'design_1_affhexPmodSSD_v3_0_0'
INFO: [filemgmt 20-334] All file(s) are already imported in fileset: 'design_1_calcul_param_1_0_0'
INFO: [filemgmt 20-348] Importing the appropriate files for fileset: 'design_1_calcul_param_1_0_0'
INFO: [filemgmt 20-334] All file(s) are already imported in fileset: 'design_1_calcul_param_2_0_0'
INFO: [filemgmt 20-348] Importing the appropriate files for fileset: 'design_1_calcul_param_2_0_0'
INFO: [filemgmt 20-334] All file(s) are already imported in fileset: 'design_1_calcul_param_3_0_0'
INFO: [filemgmt 20-348] Importing the appropriate files for fileset: 'design_1_calcul_param_3_0_0'
INFO: [filemgmt 20-334] All file(s) are already imported in fileset: 'design_1_compteur_nbits_0_0'
INFO: [filemgmt 20-348] Importing the appropriate files for fileset: 'design_1_compteur_nbits_0_0'
INFO: [filemgmt 20-334] All file(s) are already imported in fileset: 'design_1_compteur_nbits_0_1'
INFO: [filemgmt 20-348] Importing the appropriate files for fileset: 'design_1_compteur_nbits_0_1'
INFO: [filemgmt 20-334] All file(s) are already imported in fileset: 'design_1_mef_cod_i2s_vsb_0_0'
INFO: [filemgmt 20-348] Importing the appropriate files for fileset: 'design_1_mef_cod_i2s_vsb_0_0'
INFO: [filemgmt 20-334] All file(s) are already imported in fileset: 'design_1_mux2_0_0'
INFO: [filemgmt 20-348] Importing the appropriate files for fileset: 'design_1_mux2_0_0'
INFO: [filemgmt 20-334] All file(s) are already imported in fileset: 'design_1_mux4_0_0'
INFO: [filemgmt 20-348] Importing the appropriate files for fileset: 'design_1_mux4_0_0'
INFO: [filemgmt 20-334] All file(s) are already imported in fileset: 'design_1_mux4_0_1'
INFO: [filemgmt 20-348] Importing the appropriate files for fileset: 'design_1_mux4_0_1'
INFO: [filemgmt 20-334] All file(s) are already imported in fileset: 'design_1_reg_24b_0_0'
INFO: [filemgmt 20-348] Importing the appropriate files for fileset: 'design_1_reg_24b_0_0'
INFO: [filemgmt 20-334] All file(s) are already imported in fileset: 'design_1_reg_24b_0_1'
INFO: [filemgmt 20-348] Importing the appropriate files for fileset: 'design_1_reg_24b_0_1'
INFO: [filemgmt 20-334] All file(s) are already imported in fileset: 'design_1_reg_dec_24b_0_0'
INFO: [filemgmt 20-348] Importing the appropriate files for fileset: 'design_1_reg_dec_24b_0_0'
INFO: [filemgmt 20-334] All file(s) are already imported in fileset: 'design_1_reg_dec_24b_fd_0_0'
INFO: [filemgmt 20-348] Importing the appropriate files for fileset: 'design_1_reg_dec_24b_fd_0_0'
INFO: [filemgmt 20-334] All file(s) are already imported in fileset: 'design_1_sig_fct_3_0_0'
INFO: [filemgmt 20-348] Importing the appropriate files for fileset: 'design_1_sig_fct_3_0_0'
INFO: [filemgmt 20-334] All file(s) are already imported in fileset: 'design_1_sig_fct_sat_dure_0_0'
INFO: [filemgmt 20-348] Importing the appropriate files for fileset: 'design_1_sig_fct_sat_dure_0_0'
INFO: [filemgmt 20-334] All file(s) are already imported in fileset: 'design_1_sig_fct_sat_dure_0_1'
INFO: [filemgmt 20-348] Importing the appropriate files for fileset: 'design_1_sig_fct_sat_dure_0_1'
INFO: [filemgmt 20-334] All file(s) are already imported in fileset: 'design_1_util_vector_logic_0_0'
INFO: [filemgmt 20-348] Importing the appropriate files for fileset: 'design_1_util_vector_logic_0_0'
INFO: [filemgmt 20-334] All file(s) are already imported in fileset: 'constrs_1'
INFO: [filemgmt 20-348] Importing the appropriate files for fileset: 'constrs_1'
INFO: [filemgmt 20-334] All file(s) are already imported in fileset: 'sim_1'
INFO: [filemgmt 20-348] Importing the appropriate files for fileset: 'sim_1'
INFO: [filemgmt 20-334] All file(s) are already imported in fileset: 'sources_1'
INFO: [filemgmt 20-348] Importing the appropriate files for fileset: 'sources_1'
